::1 - - [29/Jun/2020:14:44:07 +0000] "GET / HTTP/1.1" 200 7 "-" "Mozilla/5.0 (Windows NT 10.0; Win64; x64) AppleWebKit/537.36 (KHTML, like Gecko) Chrome/83.0.4103.116 Safari/537.36"
::1 - - [29/Jun/2020:14:44:15 +0000] "GET /swagger/ HTTP/1.1" 304 - "-" "Mozilla/5.0 (Windows NT 10.0; Win64; x64) AppleWebKit/537.36 (KHTML, like Gecko) Chrome/83.0.4103.116 Safari/537.36"
::1 - - [29/Jun/2020:14:44:15 +0000] "GET /swagger/swagger-ui.css HTTP/1.1" 304 - "http://localhost:8080/swagger/" "Mozilla/5.0 (Windows NT 10.0; Win64; x64) AppleWebKit/537.36 (KHTML, like Gecko) Chrome/83.0.4103.116 Safari/537.36"
::1 - - [29/Jun/2020:14:44:15 +0000] "GET /swagger/swagger-ui-bundle.js HTTP/1.1" 304 - "http://localhost:8080/swagger/" "Mozilla/5.0 (Windows NT 10.0; Win64; x64) AppleWebKit/537.36 (KHTML, like Gecko) Chrome/83.0.4103.116 Safari/537.36"
::1 - - [29/Jun/2020:14:44:15 +0000] "GET /swagger/swagger-ui-init.js HTTP/1.1" 304 - "http://localhost:8080/swagger/" "Mozilla/5.0 (Windows NT 10.0; Win64; x64) AppleWebKit/537.36 (KHTML, like Gecko) Chrome/83.0.4103.116 Safari/537.36"
::1 - - [29/Jun/2020:14:44:15 +0000] "GET /swagger/swagger-ui-standalone-preset.js HTTP/1.1" 304 - "http://localhost:8080/swagger/" "Mozilla/5.0 (Windows NT 10.0; Win64; x64) AppleWebKit/537.36 (KHTML, like Gecko) Chrome/83.0.4103.116 Safari/537.36"
::1 - - [29/Jun/2020:14:44:15 +0000] "GET /swagger/favicon-32x32.png HTTP/1.1" 304 - "http://localhost:8080/swagger/" "Mozilla/5.0 (Windows NT 10.0; Win64; x64) AppleWebKit/537.36 (KHTML, like Gecko) Chrome/83.0.4103.116 Safari/537.36"
::1 - - [29/Jun/2020:14:59:35 +0000] "GET / HTTP/1.1" 304 - "-" "Mozilla/5.0 (Windows NT 10.0; Win64; x64) AppleWebKit/537.36 (KHTML, like Gecko) Chrome/83.0.4103.116 Safari/537.36"
::1 - - [29/Jun/2020:14:59:40 +0000] "GET /cliente HTTP/1.1" 200 33 "-" "Mozilla/5.0 (Windows NT 10.0; Win64; x64) AppleWebKit/537.36 (KHTML, like Gecko) Chrome/83.0.4103.116 Safari/537.36"
::1 - - [29/Jun/2020:15:06:08 +0000] "GET / HTTP/1.1" 200 7 "-" "Mozilla/5.0 (Windows NT 10.0; Win64; x64) AppleWebKit/537.36 (KHTML, like Gecko) Chrome/83.0.4103.116 Safari/537.36"
::1 - - [29/Jun/2020:15:06:27 +0000] "GET / HTTP/1.1" 304 - "-" "Mozilla/5.0 (Windows NT 10.0; Win64; x64) AppleWebKit/537.36 (KHTML, like Gecko) Chrome/83.0.4103.116 Safari/537.36"
::1 - - [29/Jun/2020:15:06:30 +0000] "GET / HTTP/1.1" 304 - "-" "Mozilla/5.0 (Windows NT 10.0; Win64; x64) AppleWebKit/537.36 (KHTML, like Gecko) Chrome/83.0.4103.116 Safari/537.36"
::1 - - [29/Jun/2020:15:08:30 +0000] "GET /swagger HTTP/1.1" 301 181 "-" "Mozilla/5.0 (Windows NT 10.0; Win64; x64) AppleWebKit/537.36 (KHTML, like Gecko) Chrome/83.0.4103.116 Safari/537.36"
::1 - - [29/Jun/2020:15:08:30 +0000] "GET /swagger/ HTTP/1.1" 200 3104 "-" "Mozilla/5.0 (Windows NT 10.0; Win64; x64) AppleWebKit/537.36 (KHTML, like Gecko) Chrome/83.0.4103.116 Safari/537.36"
::1 - - [29/Jun/2020:15:08:30 +0000] "GET /swagger/swagger-ui-init.js HTTP/1.1" 200 11934 "http://localhost:8080/swagger/" "Mozilla/5.0 (Windows NT 10.0; Win64; x64) AppleWebKit/537.36 (KHTML, like Gecko) Chrome/83.0.4103.116 Safari/537.36"
::1 - - [29/Jun/2020:15:08:30 +0000] "GET /swagger/swagger-ui.css HTTP/1.1" 200 141841 "http://localhost:8080/swagger/" "Mozilla/5.0 (Windows NT 10.0; Win64; x64) AppleWebKit/537.36 (KHTML, like Gecko) Chrome/83.0.4103.116 Safari/537.36"
::1 - - [29/Jun/2020:15:08:30 +0000] "GET /swagger/swagger-ui-standalone-preset.js HTTP/1.1" 200 307021 "http://localhost:8080/swagger/" "Mozilla/5.0 (Windows NT 10.0; Win64; x64) AppleWebKit/537.36 (KHTML, like Gecko) Chrome/83.0.4103.116 Safari/537.36"
::1 - - [29/Jun/2020:15:08:30 +0000] "GET /swagger/swagger-ui-bundle.js HTTP/1.1" 200 974176 "http://localhost:8080/swagger/" "Mozilla/5.0 (Windows NT 10.0; Win64; x64) AppleWebKit/537.36 (KHTML, like Gecko) Chrome/83.0.4103.116 Safari/537.36"
::1 - - [29/Jun/2020:15:08:30 +0000] "GET /swagger/favicon-32x32.png HTTP/1.1" 200 628 "http://localhost:8080/swagger/" "Mozilla/5.0 (Windows NT 10.0; Win64; x64) AppleWebKit/537.36 (KHTML, like Gecko) Chrome/83.0.4103.116 Safari/537.36"
::1 - - [29/Jun/2020:15:08:33 +0000] "GET /swagger/favicon-32x32.png HTTP/1.1" 304 - "http://localhost:8080/swagger/" "Mozilla/5.0 (Windows NT 10.0; Win64; x64) AppleWebKit/537.36 (KHTML, like Gecko) Chrome/83.0.4103.116 Safari/537.36"
::1 - - [29/Jun/2020:15:09:41 +0000] "GET /swagger/ HTTP/1.1" 304 - "-" "Mozilla/5.0 (Windows NT 10.0; Win64; x64) AppleWebKit/537.36 (KHTML, like Gecko) Chrome/83.0.4103.116 Safari/537.36"
::1 - - [29/Jun/2020:15:09:41 +0000] "GET /swagger/swagger-ui.css HTTP/1.1" 304 - "http://localhost:8080/swagger/" "Mozilla/5.0 (Windows NT 10.0; Win64; x64) AppleWebKit/537.36 (KHTML, like Gecko) Chrome/83.0.4103.116 Safari/537.36"
::1 - - [29/Jun/2020:15:09:41 +0000] "GET /swagger/swagger-ui-init.js HTTP/1.1" 304 - "http://localhost:8080/swagger/" "Mozilla/5.0 (Windows NT 10.0; Win64; x64) AppleWebKit/537.36 (KHTML, like Gecko) Chrome/83.0.4103.116 Safari/537.36"
::1 - - [29/Jun/2020:15:09:41 +0000] "GET /swagger/swagger-ui-bundle.js HTTP/1.1" 304 - "http://localhost:8080/swagger/" "Mozilla/5.0 (Windows NT 10.0; Win64; x64) AppleWebKit/537.36 (KHTML, like Gecko) Chrome/83.0.4103.116 Safari/537.36"
::1 - - [29/Jun/2020:15:09:41 +0000] "GET /swagger/swagger-ui-standalone-preset.js HTTP/1.1" 304 - "http://localhost:8080/swagger/" "Mozilla/5.0 (Windows NT 10.0; Win64; x64) AppleWebKit/537.36 (KHTML, like Gecko) Chrome/83.0.4103.116 Safari/537.36"
::1 - - [29/Jun/2020:15:09:42 +0000] "GET /swagger/swagger-ui-init.js HTTP/1.1" 304 - "http://localhost:8080/swagger/" "Mozilla/5.0 (Windows NT 10.0; Win64; x64) AppleWebKit/537.36 (KHTML, like Gecko) Chrome/83.0.4103.116 Safari/537.36"
::1 - - [29/Jun/2020:15:09:42 +0000] "GET /swagger/swagger-ui-bundle.js HTTP/1.1" 304 - "http://localhost:8080/swagger/" "Mozilla/5.0 (Windows NT 10.0; Win64; x64) AppleWebKit/537.36 (KHTML, like Gecko) Chrome/83.0.4103.116 Safari/537.36"
::1 - - [29/Jun/2020:15:09:42 +0000] "GET /swagger/swagger-ui-standalone-preset.js HTTP/1.1" 304 - "http://localhost:8080/swagger/" "Mozilla/5.0 (Windows NT 10.0; Win64; x64) AppleWebKit/537.36 (KHTML, like Gecko) Chrome/83.0.4103.116 Safari/537.36"
::1 - - [29/Jun/2020:15:09:42 +0000] "GET /swagger/favicon-32x32.png HTTP/1.1" 304 - "http://localhost:8080/swagger/" "Mozilla/5.0 (Windows NT 10.0; Win64; x64) AppleWebKit/537.36 (KHTML, like Gecko) Chrome/83.0.4103.116 Safari/537.36"
::1 - - [29/Jun/2020:15:09:45 +0000] "GET /swagger/favicon-32x32.png HTTP/1.1" 304 - "http://localhost:8080/swagger/" "Mozilla/5.0 (Windows NT 10.0; Win64; x64) AppleWebKit/537.36 (KHTML, like Gecko) Chrome/83.0.4103.116 Safari/537.36"
::1 - - [29/Jun/2020:15:10:47 +0000] "GET /swagger/ HTTP/1.1" 304 - "-" "Mozilla/5.0 (Windows NT 10.0; Win64; x64) AppleWebKit/537.36 (KHTML, like Gecko) Chrome/83.0.4103.116 Safari/537.36"
::1 - - [29/Jun/2020:15:10:47 +0000] "GET /swagger/swagger-ui.css HTTP/1.1" 304 - "http://localhost:8080/swagger/" "Mozilla/5.0 (Windows NT 10.0; Win64; x64) AppleWebKit/537.36 (KHTML, like Gecko) Chrome/83.0.4103.116 Safari/537.36"
::1 - - [29/Jun/2020:15:10:47 +0000] "GET /swagger/swagger-ui-bundle.js HTTP/1.1" 304 - "http://localhost:8080/swagger/" "Mozilla/5.0 (Windows NT 10.0; Win64; x64) AppleWebKit/537.36 (KHTML, like Gecko) Chrome/83.0.4103.116 Safari/537.36"
::1 - - [29/Jun/2020:15:10:47 +0000] "GET /swagger/swagger-ui-init.js HTTP/1.1" 304 - "http://localhost:8080/swagger/" "Mozilla/5.0 (Windows NT 10.0; Win64; x64) AppleWebKit/537.36 (KHTML, like Gecko) Chrome/83.0.4103.116 Safari/537.36"
::1 - - [29/Jun/2020:15:10:47 +0000] "GET /swagger/swagger-ui-standalone-preset.js HTTP/1.1" 304 - "http://localhost:8080/swagger/" "Mozilla/5.0 (Windows NT 10.0; Win64; x64) AppleWebKit/537.36 (KHTML, like Gecko) Chrome/83.0.4103.116 Safari/537.36"
::1 - - [29/Jun/2020:15:10:47 +0000] "GET /swagger/swagger-ui-init.js HTTP/1.1" 304 - "http://localhost:8080/swagger/" "Mozilla/5.0 (Windows NT 10.0; Win64; x64) AppleWebKit/537.36 (KHTML, like Gecko) Chrome/83.0.4103.116 Safari/537.36"
::1 - - [29/Jun/2020:15:10:47 +0000] "GET /swagger/swagger-ui-bundle.js HTTP/1.1" 304 - "http://localhost:8080/swagger/" "Mozilla/5.0 (Windows NT 10.0; Win64; x64) AppleWebKit/537.36 (KHTML, like Gecko) Chrome/83.0.4103.116 Safari/537.36"
::1 - - [29/Jun/2020:15:10:47 +0000] "GET /swagger/swagger-ui-standalone-preset.js HTTP/1.1" 304 - "http://localhost:8080/swagger/" "Mozilla/5.0 (Windows NT 10.0; Win64; x64) AppleWebKit/537.36 (KHTML, like Gecko) Chrome/83.0.4103.116 Safari/537.36"
::1 - - [29/Jun/2020:15:10:48 +0000] "GET /swagger/favicon-32x32.png HTTP/1.1" 304 - "http://localhost:8080/swagger/" "Mozilla/5.0 (Windows NT 10.0; Win64; x64) AppleWebKit/537.36 (KHTML, like Gecko) Chrome/83.0.4103.116 Safari/537.36"
::1 - - [29/Jun/2020:15:10:50 +0000] "GET /swagger/favicon-32x32.png HTTP/1.1" 304 - "http://localhost:8080/swagger/" "Mozilla/5.0 (Windows NT 10.0; Win64; x64) AppleWebKit/537.36 (KHTML, like Gecko) Chrome/83.0.4103.116 Safari/537.36"
::1 - - [29/Jun/2020:15:13:21 +0000] "GET /swagger/ HTTP/1.1" 304 - "-" "Mozilla/5.0 (Windows NT 10.0; Win64; x64) AppleWebKit/537.36 (KHTML, like Gecko) Chrome/83.0.4103.116 Safari/537.36"
::1 - - [29/Jun/2020:15:13:21 +0000] "GET /swagger/swagger-ui.css HTTP/1.1" 304 - "http://localhost:8080/swagger/" "Mozilla/5.0 (Windows NT 10.0; Win64; x64) AppleWebKit/537.36 (KHTML, like Gecko) Chrome/83.0.4103.116 Safari/537.36"
::1 - - [29/Jun/2020:15:13:21 +0000] "GET /swagger/swagger-ui-bundle.js HTTP/1.1" 304 - "http://localhost:8080/swagger/" "Mozilla/5.0 (Windows NT 10.0; Win64; x64) AppleWebKit/537.36 (KHTML, like Gecko) Chrome/83.0.4103.116 Safari/537.36"
::1 - - [29/Jun/2020:15:13:21 +0000] "GET /swagger/swagger-ui-init.js HTTP/1.1" 304 - "http://localhost:8080/swagger/" "Mozilla/5.0 (Windows NT 10.0; Win64; x64) AppleWebKit/537.36 (KHTML, like Gecko) Chrome/83.0.4103.116 Safari/537.36"
::1 - - [29/Jun/2020:15:13:21 +0000] "GET /swagger/swagger-ui-standalone-preset.js HTTP/1.1" 304 - "http://localhost:8080/swagger/" "Mozilla/5.0 (Windows NT 10.0; Win64; x64) AppleWebKit/537.36 (KHTML, like Gecko) Chrome/83.0.4103.116 Safari/537.36"
::1 - - [29/Jun/2020:15:13:21 +0000] "GET /swagger/swagger-ui-init.js HTTP/1.1" 304 - "http://localhost:8080/swagger/" "Mozilla/5.0 (Windows NT 10.0; Win64; x64) AppleWebKit/537.36 (KHTML, like Gecko) Chrome/83.0.4103.116 Safari/537.36"
::1 - - [29/Jun/2020:15:13:21 +0000] "GET /swagger/swagger-ui-bundle.js HTTP/1.1" 304 - "http://localhost:8080/swagger/" "Mozilla/5.0 (Windows NT 10.0; Win64; x64) AppleWebKit/537.36 (KHTML, like Gecko) Chrome/83.0.4103.116 Safari/537.36"
::1 - - [29/Jun/2020:15:13:21 +0000] "GET /swagger/swagger-ui-standalone-preset.js HTTP/1.1" 304 - "http://localhost:8080/swagger/" "Mozilla/5.0 (Windows NT 10.0; Win64; x64) AppleWebKit/537.36 (KHTML, like Gecko) Chrome/83.0.4103.116 Safari/537.36"
::1 - - [29/Jun/2020:15:13:21 +0000] "GET /swagger/favicon-32x32.png HTTP/1.1" 304 - "http://localhost:8080/swagger/" "Mozilla/5.0 (Windows NT 10.0; Win64; x64) AppleWebKit/537.36 (KHTML, like Gecko) Chrome/83.0.4103.116 Safari/537.36"
::1 - - [29/Jun/2020:15:13:23 +0000] "GET /swagger/favicon-32x32.png HTTP/1.1" 304 - "http://localhost:8080/swagger/" "Mozilla/5.0 (Windows NT 10.0; Win64; x64) AppleWebKit/537.36 (KHTML, like Gecko) Chrome/83.0.4103.116 Safari/537.36"
::1 - - [29/Jun/2020:16:54:12 +0000] "GET /swagger/ HTTP/1.1" 304 - "-" "Mozilla/5.0 (Windows NT 10.0; Win64; x64) AppleWebKit/537.36 (KHTML, like Gecko) Chrome/83.0.4103.116 Safari/537.36"
::1 - - [29/Jun/2020:16:54:12 +0000] "GET /swagger/swagger-ui.css HTTP/1.1" 304 - "http://localhost:8080/swagger/" "Mozilla/5.0 (Windows NT 10.0; Win64; x64) AppleWebKit/537.36 (KHTML, like Gecko) Chrome/83.0.4103.116 Safari/537.36"
::1 - - [29/Jun/2020:16:54:12 +0000] "GET /swagger/swagger-ui-bundle.js HTTP/1.1" 304 - "http://localhost:8080/swagger/" "Mozilla/5.0 (Windows NT 10.0; Win64; x64) AppleWebKit/537.36 (KHTML, like Gecko) Chrome/83.0.4103.116 Safari/537.36"
::1 - - [29/Jun/2020:16:54:12 +0000] "GET /swagger/swagger-ui-init.js HTTP/1.1" 304 - "http://localhost:8080/swagger/" "Mozilla/5.0 (Windows NT 10.0; Win64; x64) AppleWebKit/537.36 (KHTML, like Gecko) Chrome/83.0.4103.116 Safari/537.36"
::1 - - [29/Jun/2020:16:54:12 +0000] "GET /swagger/swagger-ui-standalone-preset.js HTTP/1.1" 304 - "http://localhost:8080/swagger/" "Mozilla/5.0 (Windows NT 10.0; Win64; x64) AppleWebKit/537.36 (KHTML, like Gecko) Chrome/83.0.4103.116 Safari/537.36"
::1 - - [29/Jun/2020:16:54:12 +0000] "GET /swagger/favicon-32x32.png HTTP/1.1" 304 - "http://localhost:8080/swagger/" "Mozilla/5.0 (Windows NT 10.0; Win64; x64) AppleWebKit/537.36 (KHTML, like Gecko) Chrome/83.0.4103.116 Safari/537.36"
::1 - - [29/Jun/2020:16:54:14 +0000] "GET /swagger/favicon-32x32.png HTTP/1.1" 304 - "http://localhost:8080/swagger/" "Mozilla/5.0 (Windows NT 10.0; Win64; x64) AppleWebKit/537.36 (KHTML, like Gecko) Chrome/83.0.4103.116 Safari/537.36"
::1 - - [29/Jun/2020:16:54:53 +0000] "GET /swagger/ HTTP/1.1" 304 - "-" "Mozilla/5.0 (Windows NT 10.0; Win64; x64) AppleWebKit/537.36 (KHTML, like Gecko) Chrome/83.0.4103.116 Safari/537.36"
::1 - - [29/Jun/2020:16:54:53 +0000] "GET /swagger/swagger-ui.css HTTP/1.1" 304 - "http://localhost:8080/swagger/" "Mozilla/5.0 (Windows NT 10.0; Win64; x64) AppleWebKit/537.36 (KHTML, like Gecko) Chrome/83.0.4103.116 Safari/537.36"
::1 - - [29/Jun/2020:16:54:53 +0000] "GET /swagger/swagger-ui-bundle.js HTTP/1.1" 304 - "http://localhost:8080/swagger/" "Mozilla/5.0 (Windows NT 10.0; Win64; x64) AppleWebKit/537.36 (KHTML, like Gecko) Chrome/83.0.4103.116 Safari/537.36"
::1 - - [29/Jun/2020:16:54:53 +0000] "GET /swagger/swagger-ui-init.js HTTP/1.1" 304 - "http://localhost:8080/swagger/" "Mozilla/5.0 (Windows NT 10.0; Win64; x64) AppleWebKit/537.36 (KHTML, like Gecko) Chrome/83.0.4103.116 Safari/537.36"
::1 - - [29/Jun/2020:16:54:53 +0000] "GET /swagger/swagger-ui-standalone-preset.js HTTP/1.1" 304 - "http://localhost:8080/swagger/" "Mozilla/5.0 (Windows NT 10.0; Win64; x64) AppleWebKit/537.36 (KHTML, like Gecko) Chrome/83.0.4103.116 Safari/537.36"
::1 - - [29/Jun/2020:16:54:53 +0000] "GET /swagger/swagger-ui-init.js HTTP/1.1" 304 - "http://localhost:8080/swagger/" "Mozilla/5.0 (Windows NT 10.0; Win64; x64) AppleWebKit/537.36 (KHTML, like Gecko) Chrome/83.0.4103.116 Safari/537.36"
::1 - - [29/Jun/2020:16:54:53 +0000] "GET /swagger/swagger-ui-bundle.js HTTP/1.1" 304 - "http://localhost:8080/swagger/" "Mozilla/5.0 (Windows NT 10.0; Win64; x64) AppleWebKit/537.36 (KHTML, like Gecko) Chrome/83.0.4103.116 Safari/537.36"
::1 - - [29/Jun/2020:16:54:53 +0000] "GET /swagger/swagger-ui-standalone-preset.js HTTP/1.1" 304 - "http://localhost:8080/swagger/" "Mozilla/5.0 (Windows NT 10.0; Win64; x64) AppleWebKit/537.36 (KHTML, like Gecko) Chrome/83.0.4103.116 Safari/537.36"
::1 - - [29/Jun/2020:16:54:53 +0000] "GET /swagger/favicon-32x32.png HTTP/1.1" 304 - "http://localhost:8080/swagger/" "Mozilla/5.0 (Windows NT 10.0; Win64; x64) AppleWebKit/537.36 (KHTML, like Gecko) Chrome/83.0.4103.116 Safari/537.36"
::1 - - [29/Jun/2020:16:54:55 +0000] "GET /swagger/favicon-32x32.png HTTP/1.1" 304 - "http://localhost:8080/swagger/" "Mozilla/5.0 (Windows NT 10.0; Win64; x64) AppleWebKit/537.36 (KHTML, like Gecko) Chrome/83.0.4103.116 Safari/537.36"
::1 - - [29/Jun/2020:16:56:17 +0000] "GET /swagger/ HTTP/1.1" 304 - "-" "Mozilla/5.0 (Windows NT 10.0; Win64; x64) AppleWebKit/537.36 (KHTML, like Gecko) Chrome/83.0.4103.116 Safari/537.36"
::1 - - [29/Jun/2020:16:56:17 +0000] "GET /swagger/swagger-ui.css HTTP/1.1" 304 - "http://localhost:8080/swagger/" "Mozilla/5.0 (Windows NT 10.0; Win64; x64) AppleWebKit/537.36 (KHTML, like Gecko) Chrome/83.0.4103.116 Safari/537.36"
::1 - - [29/Jun/2020:16:56:17 +0000] "GET /swagger/swagger-ui-bundle.js HTTP/1.1" 304 - "http://localhost:8080/swagger/" "Mozilla/5.0 (Windows NT 10.0; Win64; x64) AppleWebKit/537.36 (KHTML, like Gecko) Chrome/83.0.4103.116 Safari/537.36"
::1 - - [29/Jun/2020:16:56:17 +0000] "GET /swagger/swagger-ui-init.js HTTP/1.1" 304 - "http://localhost:8080/swagger/" "Mozilla/5.0 (Windows NT 10.0; Win64; x64) AppleWebKit/537.36 (KHTML, like Gecko) Chrome/83.0.4103.116 Safari/537.36"
::1 - - [29/Jun/2020:16:56:17 +0000] "GET /swagger/swagger-ui-standalone-preset.js HTTP/1.1" 304 - "http://localhost:8080/swagger/" "Mozilla/5.0 (Windows NT 10.0; Win64; x64) AppleWebKit/537.36 (KHTML, like Gecko) Chrome/83.0.4103.116 Safari/537.36"
::1 - - [29/Jun/2020:16:56:18 +0000] "GET /swagger/swagger-ui-init.js HTTP/1.1" 304 - "http://localhost:8080/swagger/" "Mozilla/5.0 (Windows NT 10.0; Win64; x64) AppleWebKit/537.36 (KHTML, like Gecko) Chrome/83.0.4103.116 Safari/537.36"
::1 - - [29/Jun/2020:16:56:18 +0000] "GET /swagger/swagger-ui-bundle.js HTTP/1.1" 304 - "http://localhost:8080/swagger/" "Mozilla/5.0 (Windows NT 10.0; Win64; x64) AppleWebKit/537.36 (KHTML, like Gecko) Chrome/83.0.4103.116 Safari/537.36"
::1 - - [29/Jun/2020:16:56:18 +0000] "GET /swagger/swagger-ui-standalone-preset.js HTTP/1.1" 304 - "http://localhost:8080/swagger/" "Mozilla/5.0 (Windows NT 10.0; Win64; x64) AppleWebKit/537.36 (KHTML, like Gecko) Chrome/83.0.4103.116 Safari/537.36"
::1 - - [29/Jun/2020:16:56:18 +0000] "GET /swagger/favicon-32x32.png HTTP/1.1" 304 - "http://localhost:8080/swagger/" "Mozilla/5.0 (Windows NT 10.0; Win64; x64) AppleWebKit/537.36 (KHTML, like Gecko) Chrome/83.0.4103.116 Safari/537.36"
::1 - - [29/Jun/2020:16:56:20 +0000] "GET /swagger/favicon-32x32.png HTTP/1.1" 304 - "http://localhost:8080/swagger/" "Mozilla/5.0 (Windows NT 10.0; Win64; x64) AppleWebKit/537.36 (KHTML, like Gecko) Chrome/83.0.4103.116 Safari/537.36"
::1 - - [29/Jun/2020:16:57:08 +0000] "POST /registro HTTP/1.1" 200 39 "http://localhost:8080/swagger/" "Mozilla/5.0 (Windows NT 10.0; Win64; x64) AppleWebKit/537.36 (KHTML, like Gecko) Chrome/83.0.4103.116 Safari/537.36"
::1 - - [29/Jun/2020:17:01:40 +0000] "GET / HTTP/1.1" 200 7 "-" "Mozilla/5.0 (Windows NT 10.0; Win64; x64) AppleWebKit/537.36 (KHTML, like Gecko) Chrome/83.0.4103.116 Safari/537.36"
::1 - - [29/Jun/2020:17:01:45 +0000] "GET /cliente HTTP/1.1" 200 33 "-" "Mozilla/5.0 (Windows NT 10.0; Win64; x64) AppleWebKit/537.36 (KHTML, like Gecko) Chrome/83.0.4103.116 Safari/537.36"
::1 - - [29/Jun/2020:17:02:00 +0000] "GET /swagger/ HTTP/1.1" 304 - "-" "Mozilla/5.0 (Windows NT 10.0; Win64; x64) AppleWebKit/537.36 (KHTML, like Gecko) Chrome/83.0.4103.116 Safari/537.36"
::1 - - [29/Jun/2020:17:02:00 +0000] "GET /swagger/swagger-ui.css HTTP/1.1" 304 - "http://localhost:8080/swagger/" "Mozilla/5.0 (Windows NT 10.0; Win64; x64) AppleWebKit/537.36 (KHTML, like Gecko) Chrome/83.0.4103.116 Safari/537.36"
::1 - - [29/Jun/2020:17:02:00 +0000] "GET /swagger/swagger-ui-bundle.js HTTP/1.1" 304 - "http://localhost:8080/swagger/" "Mozilla/5.0 (Windows NT 10.0; Win64; x64) AppleWebKit/537.36 (KHTML, like Gecko) Chrome/83.0.4103.116 Safari/537.36"
::1 - - [29/Jun/2020:17:02:00 +0000] "GET /swagger/swagger-ui-init.js HTTP/1.1" 304 - "http://localhost:8080/swagger/" "Mozilla/5.0 (Windows NT 10.0; Win64; x64) AppleWebKit/537.36 (KHTML, like Gecko) Chrome/83.0.4103.116 Safari/537.36"
::1 - - [29/Jun/2020:17:02:00 +0000] "GET /swagger/swagger-ui-standalone-preset.js HTTP/1.1" 304 - "http://localhost:8080/swagger/" "Mozilla/5.0 (Windows NT 10.0; Win64; x64) AppleWebKit/537.36 (KHTML, like Gecko) Chrome/83.0.4103.116 Safari/537.36"
::1 - - [29/Jun/2020:17:02:01 +0000] "GET /swagger/favicon-32x32.png HTTP/1.1" 304 - "http://localhost:8080/swagger/" "Mozilla/5.0 (Windows NT 10.0; Win64; x64) AppleWebKit/537.36 (KHTML, like Gecko) Chrome/83.0.4103.116 Safari/537.36"
::1 - - [29/Jun/2020:17:02:03 +0000] "GET /swagger/favicon-32x32.png HTTP/1.1" 304 - "http://localhost:8080/swagger/" "Mozilla/5.0 (Windows NT 10.0; Win64; x64) AppleWebKit/537.36 (KHTML, like Gecko) Chrome/83.0.4103.116 Safari/537.36"
::1 - - [29/Jun/2020:17:06:59 +0000] "GET /swagger/ HTTP/1.1" 200 3104 "-" "Mozilla/5.0 (Windows NT 10.0; Win64; x64) AppleWebKit/537.36 (KHTML, like Gecko) Chrome/83.0.4103.116 Safari/537.36"
::1 - - [29/Jun/2020:17:06:59 +0000] "GET /swagger/swagger-ui.css HTTP/1.1" 304 - "http://localhost:8080/swagger/" "Mozilla/5.0 (Windows NT 10.0; Win64; x64) AppleWebKit/537.36 (KHTML, like Gecko) Chrome/83.0.4103.116 Safari/537.36"
::1 - - [29/Jun/2020:17:06:59 +0000] "GET /swagger/swagger-ui-bundle.js HTTP/1.1" 304 - "http://localhost:8080/swagger/" "Mozilla/5.0 (Windows NT 10.0; Win64; x64) AppleWebKit/537.36 (KHTML, like Gecko) Chrome/83.0.4103.116 Safari/537.36"
::1 - - [29/Jun/2020:17:06:59 +0000] "GET /swagger/swagger-ui-init.js HTTP/1.1" 304 - "http://localhost:8080/swagger/" "Mozilla/5.0 (Windows NT 10.0; Win64; x64) AppleWebKit/537.36 (KHTML, like Gecko) Chrome/83.0.4103.116 Safari/537.36"
::1 - - [29/Jun/2020:17:06:59 +0000] "GET /swagger/swagger-ui-standalone-preset.js HTTP/1.1" 304 - "http://localhost:8080/swagger/" "Mozilla/5.0 (Windows NT 10.0; Win64; x64) AppleWebKit/537.36 (KHTML, like Gecko) Chrome/83.0.4103.116 Safari/537.36"
::1 - - [29/Jun/2020:17:07:00 +0000] "GET /swagger/favicon-32x32.png HTTP/1.1" 304 - "http://localhost:8080/swagger/" "Mozilla/5.0 (Windows NT 10.0; Win64; x64) AppleWebKit/537.36 (KHTML, like Gecko) Chrome/83.0.4103.116 Safari/537.36"
::1 - - [29/Jun/2020:17:07:03 +0000] "GET /swagger/favicon-32x32.png HTTP/1.1" 304 - "http://localhost:8080/swagger/" "Mozilla/5.0 (Windows NT 10.0; Win64; x64) AppleWebKit/537.36 (KHTML, like Gecko) Chrome/83.0.4103.116 Safari/537.36"
::1 - - [29/Jun/2020:17:08:11 +0000] "GET /swagger/ HTTP/1.1" 304 - "-" "Mozilla/5.0 (Windows NT 10.0; Win64; x64) AppleWebKit/537.36 (KHTML, like Gecko) Chrome/83.0.4103.116 Safari/537.36"
::1 - - [29/Jun/2020:17:08:11 +0000] "GET /swagger/swagger-ui.css HTTP/1.1" 304 - "http://localhost:8080/swagger/" "Mozilla/5.0 (Windows NT 10.0; Win64; x64) AppleWebKit/537.36 (KHTML, like Gecko) Chrome/83.0.4103.116 Safari/537.36"
::1 - - [29/Jun/2020:17:08:11 +0000] "GET /swagger/swagger-ui-standalone-preset.js HTTP/1.1" 304 - "http://localhost:8080/swagger/" "Mozilla/5.0 (Windows NT 10.0; Win64; x64) AppleWebKit/537.36 (KHTML, like Gecko) Chrome/83.0.4103.116 Safari/537.36"
::1 - - [29/Jun/2020:17:08:11 +0000] "GET /swagger/swagger-ui-init.js HTTP/1.1" 304 - "http://localhost:8080/swagger/" "Mozilla/5.0 (Windows NT 10.0; Win64; x64) AppleWebKit/537.36 (KHTML, like Gecko) Chrome/83.0.4103.116 Safari/537.36"
::1 - - [29/Jun/2020:17:08:11 +0000] "GET /swagger/swagger-ui-bundle.js HTTP/1.1" 304 - "http://localhost:8080/swagger/" "Mozilla/5.0 (Windows NT 10.0; Win64; x64) AppleWebKit/537.36 (KHTML, like Gecko) Chrome/83.0.4103.116 Safari/537.36"
::1 - - [29/Jun/2020:17:08:11 +0000] "GET /swagger/favicon-32x32.png HTTP/1.1" 304 - "http://localhost:8080/swagger/" "Mozilla/5.0 (Windows NT 10.0; Win64; x64) AppleWebKit/537.36 (KHTML, like Gecko) Chrome/83.0.4103.116 Safari/537.36"
::1 - - [29/Jun/2020:17:08:13 +0000] "GET /swagger/favicon-32x32.png HTTP/1.1" 304 - "http://localhost:8080/swagger/" "Mozilla/5.0 (Windows NT 10.0; Win64; x64) AppleWebKit/537.36 (KHTML, like Gecko) Chrome/83.0.4103.116 Safari/537.36"
::1 - - [29/Jun/2020:17:08:51 +0000] "POST /registro HTTP/1.1" 200 39 "http://localhost:8080/swagger/" "Mozilla/5.0 (Windows NT 10.0; Win64; x64) AppleWebKit/537.36 (KHTML, like Gecko) Chrome/83.0.4103.116 Safari/537.36"
::1 - - [29/Jun/2020:17:09:28 +0000] "GET /swagger/ HTTP/1.1" 304 - "-" "Mozilla/5.0 (Windows NT 10.0; Win64; x64) AppleWebKit/537.36 (KHTML, like Gecko) Chrome/83.0.4103.116 Safari/537.36"
::1 - - [29/Jun/2020:17:09:28 +0000] "GET /swagger/swagger-ui.css HTTP/1.1" 304 - "http://localhost:8080/swagger/" "Mozilla/5.0 (Windows NT 10.0; Win64; x64) AppleWebKit/537.36 (KHTML, like Gecko) Chrome/83.0.4103.116 Safari/537.36"
::1 - - [29/Jun/2020:17:09:28 +0000] "GET /swagger/swagger-ui-bundle.js HTTP/1.1" 304 - "http://localhost:8080/swagger/" "Mozilla/5.0 (Windows NT 10.0; Win64; x64) AppleWebKit/537.36 (KHTML, like Gecko) Chrome/83.0.4103.116 Safari/537.36"
::1 - - [29/Jun/2020:17:09:28 +0000] "GET /swagger/swagger-ui-init.js HTTP/1.1" 304 - "http://localhost:8080/swagger/" "Mozilla/5.0 (Windows NT 10.0; Win64; x64) AppleWebKit/537.36 (KHTML, like Gecko) Chrome/83.0.4103.116 Safari/537.36"
::1 - - [29/Jun/2020:17:09:28 +0000] "GET /swagger/swagger-ui-standalone-preset.js HTTP/1.1" 304 - "http://localhost:8080/swagger/" "Mozilla/5.0 (Windows NT 10.0; Win64; x64) AppleWebKit/537.36 (KHTML, like Gecko) Chrome/83.0.4103.116 Safari/537.36"
::1 - - [29/Jun/2020:17:09:28 +0000] "GET /swagger/swagger-ui-init.js HTTP/1.1" 304 - "http://localhost:8080/swagger/" "Mozilla/5.0 (Windows NT 10.0; Win64; x64) AppleWebKit/537.36 (KHTML, like Gecko) Chrome/83.0.4103.116 Safari/537.36"
::1 - - [29/Jun/2020:17:09:28 +0000] "GET /swagger/swagger-ui-bundle.js HTTP/1.1" 304 - "http://localhost:8080/swagger/" "Mozilla/5.0 (Windows NT 10.0; Win64; x64) AppleWebKit/537.36 (KHTML, like Gecko) Chrome/83.0.4103.116 Safari/537.36"
::1 - - [29/Jun/2020:17:09:28 +0000] "GET /swagger/swagger-ui-standalone-preset.js HTTP/1.1" 304 - "http://localhost:8080/swagger/" "Mozilla/5.0 (Windows NT 10.0; Win64; x64) AppleWebKit/537.36 (KHTML, like Gecko) Chrome/83.0.4103.116 Safari/537.36"
::1 - - [29/Jun/2020:17:09:29 +0000] "GET /swagger/favicon-32x32.png HTTP/1.1" 304 - "http://localhost:8080/swagger/" "Mozilla/5.0 (Windows NT 10.0; Win64; x64) AppleWebKit/537.36 (KHTML, like Gecko) Chrome/83.0.4103.116 Safari/537.36"
::1 - - [29/Jun/2020:17:09:40 +0000] "GET /swagger/favicon-32x32.png HTTP/1.1" 304 - "http://localhost:8080/swagger/" "Mozilla/5.0 (Windows NT 10.0; Win64; x64) AppleWebKit/537.36 (KHTML, like Gecko) Chrome/83.0.4103.116 Safari/537.36"
::1 - - [29/Jun/2020:17:09:55 +0000] "POST /registro HTTP/1.1" 200 39 "http://localhost:8080/swagger/" "Mozilla/5.0 (Windows NT 10.0; Win64; x64) AppleWebKit/537.36 (KHTML, like Gecko) Chrome/83.0.4103.116 Safari/537.36"
::1 - - [29/Jun/2020:17:10:12 +0000] "GET /swagger/favicon-32x32.png HTTP/1.1" 304 - "http://localhost:8080/swagger/" "Mozilla/5.0 (Windows NT 10.0; Win64; x64) AppleWebKit/537.36 (KHTML, like Gecko) Chrome/83.0.4103.116 Safari/537.36"
::1 - - [29/Jun/2020:17:10:13 +0000] "GET /swagger/favicon-32x32.png HTTP/1.1" 304 - "http://localhost:8080/swagger/" "Mozilla/5.0 (Windows NT 10.0; Win64; x64) AppleWebKit/537.36 (KHTML, like Gecko) Chrome/83.0.4103.116 Safari/537.36"
::1 - - [29/Jun/2020:17:14:48 +0000] "GET /swagger/ HTTP/1.1" 304 - "-" "Mozilla/5.0 (Windows NT 10.0; Win64; x64) AppleWebKit/537.36 (KHTML, like Gecko) Chrome/83.0.4103.116 Safari/537.36"
::1 - - [29/Jun/2020:17:14:48 +0000] "GET /swagger/swagger-ui.css HTTP/1.1" 304 - "http://localhost:8080/swagger/" "Mozilla/5.0 (Windows NT 10.0; Win64; x64) AppleWebKit/537.36 (KHTML, like Gecko) Chrome/83.0.4103.116 Safari/537.36"
::1 - - [29/Jun/2020:17:14:48 +0000] "GET /swagger/swagger-ui-bundle.js HTTP/1.1" 304 - "http://localhost:8080/swagger/" "Mozilla/5.0 (Windows NT 10.0; Win64; x64) AppleWebKit/537.36 (KHTML, like Gecko) Chrome/83.0.4103.116 Safari/537.36"
::1 - - [29/Jun/2020:17:14:48 +0000] "GET /swagger/swagger-ui-init.js HTTP/1.1" 304 - "http://localhost:8080/swagger/" "Mozilla/5.0 (Windows NT 10.0; Win64; x64) AppleWebKit/537.36 (KHTML, like Gecko) Chrome/83.0.4103.116 Safari/537.36"
::1 - - [29/Jun/2020:17:14:48 +0000] "GET /swagger/swagger-ui-standalone-preset.js HTTP/1.1" 304 - "http://localhost:8080/swagger/" "Mozilla/5.0 (Windows NT 10.0; Win64; x64) AppleWebKit/537.36 (KHTML, like Gecko) Chrome/83.0.4103.116 Safari/537.36"
::1 - - [29/Jun/2020:17:14:48 +0000] "GET /swagger/swagger-ui-init.js HTTP/1.1" 304 - "http://localhost:8080/swagger/" "Mozilla/5.0 (Windows NT 10.0; Win64; x64) AppleWebKit/537.36 (KHTML, like Gecko) Chrome/83.0.4103.116 Safari/537.36"
::1 - - [29/Jun/2020:17:14:48 +0000] "GET /swagger/swagger-ui-bundle.js HTTP/1.1" 304 - "http://localhost:8080/swagger/" "Mozilla/5.0 (Windows NT 10.0; Win64; x64) AppleWebKit/537.36 (KHTML, like Gecko) Chrome/83.0.4103.116 Safari/537.36"
::1 - - [29/Jun/2020:17:14:48 +0000] "GET /swagger/swagger-ui-standalone-preset.js HTTP/1.1" 304 - "http://localhost:8080/swagger/" "Mozilla/5.0 (Windows NT 10.0; Win64; x64) AppleWebKit/537.36 (KHTML, like Gecko) Chrome/83.0.4103.116 Safari/537.36"
::1 - - [29/Jun/2020:17:14:48 +0000] "GET /swagger/favicon-32x32.png HTTP/1.1" 304 - "http://localhost:8080/swagger/" "Mozilla/5.0 (Windows NT 10.0; Win64; x64) AppleWebKit/537.36 (KHTML, like Gecko) Chrome/83.0.4103.116 Safari/537.36"
::1 - - [29/Jun/2020:17:15:00 +0000] "GET /swagger/favicon-32x32.png HTTP/1.1" 304 - "http://localhost:8080/swagger/" "Mozilla/5.0 (Windows NT 10.0; Win64; x64) AppleWebKit/537.36 (KHTML, like Gecko) Chrome/83.0.4103.116 Safari/537.36"
::1 - - [29/Jun/2020:17:15:47 +0000] "GET /swagger/ HTTP/1.1" 304 - "-" "Mozilla/5.0 (Windows NT 10.0; Win64; x64) AppleWebKit/537.36 (KHTML, like Gecko) Chrome/83.0.4103.116 Safari/537.36"
::1 - - [29/Jun/2020:17:15:47 +0000] "GET /swagger/swagger-ui.css HTTP/1.1" 304 - "http://localhost:8080/swagger/" "Mozilla/5.0 (Windows NT 10.0; Win64; x64) AppleWebKit/537.36 (KHTML, like Gecko) Chrome/83.0.4103.116 Safari/537.36"
::1 - - [29/Jun/2020:17:15:47 +0000] "GET /swagger/swagger-ui-bundle.js HTTP/1.1" 304 - "http://localhost:8080/swagger/" "Mozilla/5.0 (Windows NT 10.0; Win64; x64) AppleWebKit/537.36 (KHTML, like Gecko) Chrome/83.0.4103.116 Safari/537.36"
::1 - - [29/Jun/2020:17:15:47 +0000] "GET /swagger/swagger-ui-init.js HTTP/1.1" 304 - "http://localhost:8080/swagger/" "Mozilla/5.0 (Windows NT 10.0; Win64; x64) AppleWebKit/537.36 (KHTML, like Gecko) Chrome/83.0.4103.116 Safari/537.36"
::1 - - [29/Jun/2020:17:15:47 +0000] "GET /swagger/swagger-ui-standalone-preset.js HTTP/1.1" 304 - "http://localhost:8080/swagger/" "Mozilla/5.0 (Windows NT 10.0; Win64; x64) AppleWebKit/537.36 (KHTML, like Gecko) Chrome/83.0.4103.116 Safari/537.36"
::1 - - [29/Jun/2020:17:15:48 +0000] "GET /swagger/swagger-ui-init.js HTTP/1.1" 304 - "http://localhost:8080/swagger/" "Mozilla/5.0 (Windows NT 10.0; Win64; x64) AppleWebKit/537.36 (KHTML, like Gecko) Chrome/83.0.4103.116 Safari/537.36"
::1 - - [29/Jun/2020:17:15:48 +0000] "GET /swagger/swagger-ui-bundle.js HTTP/1.1" 304 - "http://localhost:8080/swagger/" "Mozilla/5.0 (Windows NT 10.0; Win64; x64) AppleWebKit/537.36 (KHTML, like Gecko) Chrome/83.0.4103.116 Safari/537.36"
::1 - - [29/Jun/2020:17:15:48 +0000] "GET /swagger/swagger-ui-standalone-preset.js HTTP/1.1" 304 - "http://localhost:8080/swagger/" "Mozilla/5.0 (Windows NT 10.0; Win64; x64) AppleWebKit/537.36 (KHTML, like Gecko) Chrome/83.0.4103.116 Safari/537.36"
::1 - - [29/Jun/2020:17:15:48 +0000] "GET /swagger/favicon-32x32.png HTTP/1.1" 304 - "http://localhost:8080/swagger/" "Mozilla/5.0 (Windows NT 10.0; Win64; x64) AppleWebKit/537.36 (KHTML, like Gecko) Chrome/83.0.4103.116 Safari/537.36"
::1 - - [29/Jun/2020:17:15:49 +0000] "GET /swagger/favicon-32x32.png HTTP/1.1" 304 - "http://localhost:8080/swagger/" "Mozilla/5.0 (Windows NT 10.0; Win64; x64) AppleWebKit/537.36 (KHTML, like Gecko) Chrome/83.0.4103.116 Safari/537.36"
::1 - - [29/Jun/2020:17:16:01 +0000] "POST /login?login=marlon%40marlon.com&senha=marlon HTTP/1.1" 200 152 "http://localhost:8080/swagger/" "Mozilla/5.0 (Windows NT 10.0; Win64; x64) AppleWebKit/537.36 (KHTML, like Gecko) Chrome/83.0.4103.116 Safari/537.36"
::1 - - [29/Jun/2020:17:16:23 +0000] "GET /swagger/favicon-32x32.png HTTP/1.1" 304 - "http://localhost:8080/swagger/" "Mozilla/5.0 (Windows NT 10.0; Win64; x64) AppleWebKit/537.36 (KHTML, like Gecko) Chrome/83.0.4103.116 Safari/537.36"
::1 - - [29/Jun/2020:17:23:49 +0000] "GET /swagger/ HTTP/1.1" 304 - "-" "Mozilla/5.0 (Windows NT 10.0; Win64; x64) AppleWebKit/537.36 (KHTML, like Gecko) Chrome/83.0.4103.116 Safari/537.36"
::1 - - [29/Jun/2020:17:23:49 +0000] "GET /swagger/swagger-ui.css HTTP/1.1" 304 - "http://localhost:8080/swagger/" "Mozilla/5.0 (Windows NT 10.0; Win64; x64) AppleWebKit/537.36 (KHTML, like Gecko) Chrome/83.0.4103.116 Safari/537.36"
::1 - - [29/Jun/2020:17:23:49 +0000] "GET /swagger/swagger-ui-bundle.js HTTP/1.1" 304 - "http://localhost:8080/swagger/" "Mozilla/5.0 (Windows NT 10.0; Win64; x64) AppleWebKit/537.36 (KHTML, like Gecko) Chrome/83.0.4103.116 Safari/537.36"
::1 - - [29/Jun/2020:17:23:49 +0000] "GET /swagger/swagger-ui-init.js HTTP/1.1" 304 - "http://localhost:8080/swagger/" "Mozilla/5.0 (Windows NT 10.0; Win64; x64) AppleWebKit/537.36 (KHTML, like Gecko) Chrome/83.0.4103.116 Safari/537.36"
::1 - - [29/Jun/2020:17:23:49 +0000] "GET /swagger/swagger-ui-standalone-preset.js HTTP/1.1" 304 - "http://localhost:8080/swagger/" "Mozilla/5.0 (Windows NT 10.0; Win64; x64) AppleWebKit/537.36 (KHTML, like Gecko) Chrome/83.0.4103.116 Safari/537.36"
::1 - - [29/Jun/2020:17:23:50 +0000] "GET /swagger/swagger-ui-init.js HTTP/1.1" 304 - "http://localhost:8080/swagger/" "Mozilla/5.0 (Windows NT 10.0; Win64; x64) AppleWebKit/537.36 (KHTML, like Gecko) Chrome/83.0.4103.116 Safari/537.36"
::1 - - [29/Jun/2020:17:23:50 +0000] "GET /swagger/swagger-ui-bundle.js HTTP/1.1" 304 - "http://localhost:8080/swagger/" "Mozilla/5.0 (Windows NT 10.0; Win64; x64) AppleWebKit/537.36 (KHTML, like Gecko) Chrome/83.0.4103.116 Safari/537.36"
::1 - - [29/Jun/2020:17:23:50 +0000] "GET /swagger/swagger-ui-standalone-preset.js HTTP/1.1" 304 - "http://localhost:8080/swagger/" "Mozilla/5.0 (Windows NT 10.0; Win64; x64) AppleWebKit/537.36 (KHTML, like Gecko) Chrome/83.0.4103.116 Safari/537.36"
::1 - - [29/Jun/2020:17:23:50 +0000] "GET /swagger/favicon-32x32.png HTTP/1.1" 304 - "http://localhost:8080/swagger/" "Mozilla/5.0 (Windows NT 10.0; Win64; x64) AppleWebKit/537.36 (KHTML, like Gecko) Chrome/83.0.4103.116 Safari/537.36"
::1 - - [29/Jun/2020:17:23:51 +0000] "GET /swagger/favicon-32x32.png HTTP/1.1" 304 - "http://localhost:8080/swagger/" "Mozilla/5.0 (Windows NT 10.0; Win64; x64) AppleWebKit/537.36 (KHTML, like Gecko) Chrome/83.0.4103.116 Safari/537.36"
::1 - - [29/Jun/2020:17:24:03 +0000] "POST /login?login=marlon%40marlon.com&senha=marlon HTTP/1.1" 200 152 "http://localhost:8080/swagger/" "Mozilla/5.0 (Windows NT 10.0; Win64; x64) AppleWebKit/537.36 (KHTML, like Gecko) Chrome/83.0.4103.116 Safari/537.36"
::1 - - [29/Jun/2020:17:24:10 +0000] "GET /swagger/favicon-32x32.png HTTP/1.1" 304 - "http://localhost:8080/swagger/" "Mozilla/5.0 (Windows NT 10.0; Win64; x64) AppleWebKit/537.36 (KHTML, like Gecko) Chrome/83.0.4103.116 Safari/537.36"
::1 - - [29/Jun/2020:17:24:15 +0000] "GET /cliente?skip=2&limit=2 HTTP/1.1" 403 74 "http://localhost:8080/swagger/" "Mozilla/5.0 (Windows NT 10.0; Win64; x64) AppleWebKit/537.36 (KHTML, like Gecko) Chrome/83.0.4103.116 Safari/537.36"
::1 - - [29/Jun/2020:17:36:43 +0000] "GET /swagger/ HTTP/1.1" 304 - "-" "Mozilla/5.0 (Windows NT 10.0; Win64; x64) AppleWebKit/537.36 (KHTML, like Gecko) Chrome/83.0.4103.116 Safari/537.36"
::1 - - [29/Jun/2020:17:36:43 +0000] "GET /swagger/swagger-ui.css HTTP/1.1" 304 - "http://localhost:8080/swagger/" "Mozilla/5.0 (Windows NT 10.0; Win64; x64) AppleWebKit/537.36 (KHTML, like Gecko) Chrome/83.0.4103.116 Safari/537.36"
::1 - - [29/Jun/2020:17:36:43 +0000] "GET /swagger/swagger-ui-init.js HTTP/1.1" 304 - "http://localhost:8080/swagger/" "Mozilla/5.0 (Windows NT 10.0; Win64; x64) AppleWebKit/537.36 (KHTML, like Gecko) Chrome/83.0.4103.116 Safari/537.36"
::1 - - [29/Jun/2020:17:36:43 +0000] "GET /swagger/swagger-ui-bundle.js HTTP/1.1" 304 - "http://localhost:8080/swagger/" "Mozilla/5.0 (Windows NT 10.0; Win64; x64) AppleWebKit/537.36 (KHTML, like Gecko) Chrome/83.0.4103.116 Safari/537.36"
::1 - - [29/Jun/2020:17:36:43 +0000] "GET /swagger/swagger-ui-standalone-preset.js HTTP/1.1" 304 - "http://localhost:8080/swagger/" "Mozilla/5.0 (Windows NT 10.0; Win64; x64) AppleWebKit/537.36 (KHTML, like Gecko) Chrome/83.0.4103.116 Safari/537.36"
::1 - - [29/Jun/2020:17:36:43 +0000] "GET /swagger/favicon-32x32.png HTTP/1.1" 304 - "http://localhost:8080/swagger/" "Mozilla/5.0 (Windows NT 10.0; Win64; x64) AppleWebKit/537.36 (KHTML, like Gecko) Chrome/83.0.4103.116 Safari/537.36"
::1 - - [29/Jun/2020:17:36:57 +0000] "GET /cliente HTTP/1.1" 304 - "-" "Mozilla/5.0 (Windows NT 10.0; Win64; x64) AppleWebKit/537.36 (KHTML, like Gecko) Chrome/83.0.4103.116 Safari/537.36"
::1 - - [29/Jun/2020:17:36:57 +0000] "GET /favicon.ico HTTP/1.1" 404 150 "http://localhost:8080/cliente" "Mozilla/5.0 (Windows NT 10.0; Win64; x64) AppleWebKit/537.36 (KHTML, like Gecko) Chrome/83.0.4103.116 Safari/537.36"
::1 - - [29/Jun/2020:17:37:00 +0000] "GET /clienteasasa HTTP/1.1" 404 151 "-" "Mozilla/5.0 (Windows NT 10.0; Win64; x64) AppleWebKit/537.36 (KHTML, like Gecko) Chrome/83.0.4103.116 Safari/537.36"
::1 - - [29/Jun/2020:17:37:12 +0000] "GET /swagger/ HTTP/1.1" 304 - "-" "Mozilla/5.0 (Windows NT 10.0; Win64; x64) AppleWebKit/537.36 (KHTML, like Gecko) Chrome/83.0.4103.116 Safari/537.36"
::1 - - [29/Jun/2020:17:37:12 +0000] "GET /swagger/swagger-ui.css HTTP/1.1" 304 - "http://localhost:8080/swagger/" "Mozilla/5.0 (Windows NT 10.0; Win64; x64) AppleWebKit/537.36 (KHTML, like Gecko) Chrome/83.0.4103.116 Safari/537.36"
::1 - - [29/Jun/2020:17:37:12 +0000] "GET /swagger/swagger-ui-bundle.js HTTP/1.1" 304 - "http://localhost:8080/swagger/" "Mozilla/5.0 (Windows NT 10.0; Win64; x64) AppleWebKit/537.36 (KHTML, like Gecko) Chrome/83.0.4103.116 Safari/537.36"
::1 - - [29/Jun/2020:17:37:12 +0000] "GET /swagger/swagger-ui-init.js HTTP/1.1" 304 - "http://localhost:8080/swagger/" "Mozilla/5.0 (Windows NT 10.0; Win64; x64) AppleWebKit/537.36 (KHTML, like Gecko) Chrome/83.0.4103.116 Safari/537.36"
::1 - - [29/Jun/2020:17:37:12 +0000] "GET /swagger/swagger-ui-standalone-preset.js HTTP/1.1" 304 - "http://localhost:8080/swagger/" "Mozilla/5.0 (Windows NT 10.0; Win64; x64) AppleWebKit/537.36 (KHTML, like Gecko) Chrome/83.0.4103.116 Safari/537.36"
::1 - - [29/Jun/2020:17:37:13 +0000] "GET /swagger/favicon-32x32.png HTTP/1.1" 304 - "http://localhost:8080/swagger/" "Mozilla/5.0 (Windows NT 10.0; Win64; x64) AppleWebKit/537.36 (KHTML, like Gecko) Chrome/83.0.4103.116 Safari/537.36"
::1 - - [29/Jun/2020:17:37:55 +0000] "GET /swagger/favicon-32x32.png HTTP/1.1" 304 - "http://localhost:8080/swagger/" "Mozilla/5.0 (Windows NT 10.0; Win64; x64) AppleWebKit/537.36 (KHTML, like Gecko) Chrome/83.0.4103.116 Safari/537.36"
::1 - - [29/Jun/2020:17:38:07 +0000] "POST /login?login=marlon%40marlon.com&senha=marlon HTTP/1.1" 200 152 "http://localhost:8080/swagger/" "Mozilla/5.0 (Windows NT 10.0; Win64; x64) AppleWebKit/537.36 (KHTML, like Gecko) Chrome/83.0.4103.116 Safari/537.36"
::1 - - [29/Jun/2020:17:38:12 +0000] "GET /swagger/favicon-32x32.png HTTP/1.1" 304 - "http://localhost:8080/swagger/" "Mozilla/5.0 (Windows NT 10.0; Win64; x64) AppleWebKit/537.36 (KHTML, like Gecko) Chrome/83.0.4103.116 Safari/537.36"
::1 - - [29/Jun/2020:17:38:13 +0000] "GET /swagger/favicon-32x32.png HTTP/1.1" 304 - "http://localhost:8080/swagger/" "Mozilla/5.0 (Windows NT 10.0; Win64; x64) AppleWebKit/537.36 (KHTML, like Gecko) Chrome/83.0.4103.116 Safari/537.36"
::1 - - [29/Jun/2020:17:38:19 +0000] "GET /cliente?skip=2&limit=2 HTTP/1.1" 200 608 "http://localhost:8080/swagger/" "Mozilla/5.0 (Windows NT 10.0; Win64; x64) AppleWebKit/537.36 (KHTML, like Gecko) Chrome/83.0.4103.116 Safari/537.36"
::1 - - [29/Jun/2020:17:48:05 +0000] "GET /swagger/ HTTP/1.1" 304 - "-" "Mozilla/5.0 (Windows NT 10.0; Win64; x64) AppleWebKit/537.36 (KHTML, like Gecko) Chrome/83.0.4103.116 Safari/537.36"
::1 - - [29/Jun/2020:17:48:05 +0000] "GET /swagger/swagger-ui.css HTTP/1.1" 304 - "http://localhost:8080/swagger/" "Mozilla/5.0 (Windows NT 10.0; Win64; x64) AppleWebKit/537.36 (KHTML, like Gecko) Chrome/83.0.4103.116 Safari/537.36"
::1 - - [29/Jun/2020:17:48:05 +0000] "GET /swagger/swagger-ui-bundle.js HTTP/1.1" 304 - "http://localhost:8080/swagger/" "Mozilla/5.0 (Windows NT 10.0; Win64; x64) AppleWebKit/537.36 (KHTML, like Gecko) Chrome/83.0.4103.116 Safari/537.36"
::1 - - [29/Jun/2020:17:48:05 +0000] "GET /swagger/swagger-ui-init.js HTTP/1.1" 304 - "http://localhost:8080/swagger/" "Mozilla/5.0 (Windows NT 10.0; Win64; x64) AppleWebKit/537.36 (KHTML, like Gecko) Chrome/83.0.4103.116 Safari/537.36"
::1 - - [29/Jun/2020:17:48:05 +0000] "GET /swagger/swagger-ui-standalone-preset.js HTTP/1.1" 304 - "http://localhost:8080/swagger/" "Mozilla/5.0 (Windows NT 10.0; Win64; x64) AppleWebKit/537.36 (KHTML, like Gecko) Chrome/83.0.4103.116 Safari/537.36"
::1 - - [29/Jun/2020:17:48:06 +0000] "GET /swagger/swagger-ui-init.js HTTP/1.1" 304 - "http://localhost:8080/swagger/" "Mozilla/5.0 (Windows NT 10.0; Win64; x64) AppleWebKit/537.36 (KHTML, like Gecko) Chrome/83.0.4103.116 Safari/537.36"
::1 - - [29/Jun/2020:17:48:06 +0000] "GET /swagger/swagger-ui-bundle.js HTTP/1.1" 304 - "http://localhost:8080/swagger/" "Mozilla/5.0 (Windows NT 10.0; Win64; x64) AppleWebKit/537.36 (KHTML, like Gecko) Chrome/83.0.4103.116 Safari/537.36"
::1 - - [29/Jun/2020:17:48:06 +0000] "GET /swagger/swagger-ui-standalone-preset.js HTTP/1.1" 304 - "http://localhost:8080/swagger/" "Mozilla/5.0 (Windows NT 10.0; Win64; x64) AppleWebKit/537.36 (KHTML, like Gecko) Chrome/83.0.4103.116 Safari/537.36"
::1 - - [29/Jun/2020:17:48:06 +0000] "GET /swagger/favicon-32x32.png HTTP/1.1" 304 - "http://localhost:8080/swagger/" "Mozilla/5.0 (Windows NT 10.0; Win64; x64) AppleWebKit/537.36 (KHTML, like Gecko) Chrome/83.0.4103.116 Safari/537.36"
::1 - - [29/Jun/2020:17:48:07 +0000] "GET /swagger/favicon-32x32.png HTTP/1.1" 304 - "http://localhost:8080/swagger/" "Mozilla/5.0 (Windows NT 10.0; Win64; x64) AppleWebKit/537.36 (KHTML, like Gecko) Chrome/83.0.4103.116 Safari/537.36"
::1 - - [29/Jun/2020:17:48:17 +0000] "POST /login?login=marlon%40marlon.com&senha=marlon HTTP/1.1" 200 152 "http://localhost:8080/swagger/" "Mozilla/5.0 (Windows NT 10.0; Win64; x64) AppleWebKit/537.36 (KHTML, like Gecko) Chrome/83.0.4103.116 Safari/537.36"
::1 - - [29/Jun/2020:17:49:24 +0000] "POST /login?login=marlon%40marlon.com&senha=marlon HTTP/1.1" 200 152 "http://localhost:8080/swagger/" "Mozilla/5.0 (Windows NT 10.0; Win64; x64) AppleWebKit/537.36 (KHTML, like Gecko) Chrome/83.0.4103.116 Safari/537.36"
::1 - - [29/Jun/2020:17:50:44 +0000] "GET /swagger/ HTTP/1.1" 304 - "-" "Mozilla/5.0 (Windows NT 10.0; Win64; x64) AppleWebKit/537.36 (KHTML, like Gecko) Chrome/83.0.4103.116 Safari/537.36"
::1 - - [29/Jun/2020:17:50:44 +0000] "GET /swagger/swagger-ui.css HTTP/1.1" 304 - "http://localhost:8080/swagger/" "Mozilla/5.0 (Windows NT 10.0; Win64; x64) AppleWebKit/537.36 (KHTML, like Gecko) Chrome/83.0.4103.116 Safari/537.36"
::1 - - [29/Jun/2020:17:50:44 +0000] "GET /swagger/swagger-ui-bundle.js HTTP/1.1" 304 - "http://localhost:8080/swagger/" "Mozilla/5.0 (Windows NT 10.0; Win64; x64) AppleWebKit/537.36 (KHTML, like Gecko) Chrome/83.0.4103.116 Safari/537.36"
::1 - - [29/Jun/2020:17:50:44 +0000] "GET /swagger/swagger-ui-init.js HTTP/1.1" 304 - "http://localhost:8080/swagger/" "Mozilla/5.0 (Windows NT 10.0; Win64; x64) AppleWebKit/537.36 (KHTML, like Gecko) Chrome/83.0.4103.116 Safari/537.36"
::1 - - [29/Jun/2020:17:50:44 +0000] "GET /swagger/swagger-ui-standalone-preset.js HTTP/1.1" 304 - "http://localhost:8080/swagger/" "Mozilla/5.0 (Windows NT 10.0; Win64; x64) AppleWebKit/537.36 (KHTML, like Gecko) Chrome/83.0.4103.116 Safari/537.36"
::1 - - [29/Jun/2020:17:50:44 +0000] "GET /swagger/swagger-ui-init.js HTTP/1.1" 304 - "http://localhost:8080/swagger/" "Mozilla/5.0 (Windows NT 10.0; Win64; x64) AppleWebKit/537.36 (KHTML, like Gecko) Chrome/83.0.4103.116 Safari/537.36"
::1 - - [29/Jun/2020:17:50:44 +0000] "GET /swagger/swagger-ui-bundle.js HTTP/1.1" 304 - "http://localhost:8080/swagger/" "Mozilla/5.0 (Windows NT 10.0; Win64; x64) AppleWebKit/537.36 (KHTML, like Gecko) Chrome/83.0.4103.116 Safari/537.36"
::1 - - [29/Jun/2020:17:50:44 +0000] "GET /swagger/swagger-ui-standalone-preset.js HTTP/1.1" 304 - "http://localhost:8080/swagger/" "Mozilla/5.0 (Windows NT 10.0; Win64; x64) AppleWebKit/537.36 (KHTML, like Gecko) Chrome/83.0.4103.116 Safari/537.36"
::1 - - [29/Jun/2020:17:50:44 +0000] "GET /swagger/favicon-32x32.png HTTP/1.1" 304 - "http://localhost:8080/swagger/" "Mozilla/5.0 (Windows NT 10.0; Win64; x64) AppleWebKit/537.36 (KHTML, like Gecko) Chrome/83.0.4103.116 Safari/537.36"
::1 - - [29/Jun/2020:17:50:45 +0000] "GET /swagger/favicon-32x32.png HTTP/1.1" 304 - "http://localhost:8080/swagger/" "Mozilla/5.0 (Windows NT 10.0; Win64; x64) AppleWebKit/537.36 (KHTML, like Gecko) Chrome/83.0.4103.116 Safari/537.36"
::1 - - [29/Jun/2020:17:50:55 +0000] "POST /login?login=marlon%40marlon.com&senha=marlon HTTP/1.1" 200 152 "http://localhost:8080/swagger/" "Mozilla/5.0 (Windows NT 10.0; Win64; x64) AppleWebKit/537.36 (KHTML, like Gecko) Chrome/83.0.4103.116 Safari/537.36"
::1 - - [29/Jun/2020:17:52:40 +0000] "POST /login?login=marlon%40marlon.com&senha=marlon HTTP/1.1" 200 152 "http://localhost:8080/swagger/" "Mozilla/5.0 (Windows NT 10.0; Win64; x64) AppleWebKit/537.36 (KHTML, like Gecko) Chrome/83.0.4103.116 Safari/537.36"
::1 - - [29/Jun/2020:17:53:33 +0000] "POST /login?login=marlon%40marlon.com&senha=marlon HTTP/1.1" 200 172 "http://localhost:8080/swagger/" "Mozilla/5.0 (Windows NT 10.0; Win64; x64) AppleWebKit/537.36 (KHTML, like Gecko) Chrome/83.0.4103.116 Safari/537.36"
::1 - - [29/Jun/2020:18:14:19 +0000] "GET /swagger/ HTTP/1.1" 304 - "-" "Mozilla/5.0 (Windows NT 10.0; Win64; x64) AppleWebKit/537.36 (KHTML, like Gecko) Chrome/83.0.4103.116 Safari/537.36"
::1 - - [29/Jun/2020:18:14:19 +0000] "GET /swagger/swagger-ui.css HTTP/1.1" 304 - "http://localhost:8080/swagger/" "Mozilla/5.0 (Windows NT 10.0; Win64; x64) AppleWebKit/537.36 (KHTML, like Gecko) Chrome/83.0.4103.116 Safari/537.36"
::1 - - [29/Jun/2020:18:14:19 +0000] "GET /swagger/swagger-ui-bundle.js HTTP/1.1" 304 - "http://localhost:8080/swagger/" "Mozilla/5.0 (Windows NT 10.0; Win64; x64) AppleWebKit/537.36 (KHTML, like Gecko) Chrome/83.0.4103.116 Safari/537.36"
::1 - - [29/Jun/2020:18:14:19 +0000] "GET /swagger/swagger-ui-init.js HTTP/1.1" 304 - "http://localhost:8080/swagger/" "Mozilla/5.0 (Windows NT 10.0; Win64; x64) AppleWebKit/537.36 (KHTML, like Gecko) Chrome/83.0.4103.116 Safari/537.36"
::1 - - [29/Jun/2020:18:14:19 +0000] "GET /swagger/swagger-ui-standalone-preset.js HTTP/1.1" 304 - "http://localhost:8080/swagger/" "Mozilla/5.0 (Windows NT 10.0; Win64; x64) AppleWebKit/537.36 (KHTML, like Gecko) Chrome/83.0.4103.116 Safari/537.36"
::1 - - [29/Jun/2020:18:14:19 +0000] "GET /swagger/swagger-ui-init.js HTTP/1.1" 304 - "http://localhost:8080/swagger/" "Mozilla/5.0 (Windows NT 10.0; Win64; x64) AppleWebKit/537.36 (KHTML, like Gecko) Chrome/83.0.4103.116 Safari/537.36"
::1 - - [29/Jun/2020:18:14:19 +0000] "GET /swagger/swagger-ui-bundle.js HTTP/1.1" 304 - "http://localhost:8080/swagger/" "Mozilla/5.0 (Windows NT 10.0; Win64; x64) AppleWebKit/537.36 (KHTML, like Gecko) Chrome/83.0.4103.116 Safari/537.36"
::1 - - [29/Jun/2020:18:14:19 +0000] "GET /swagger/swagger-ui-standalone-preset.js HTTP/1.1" 304 - "http://localhost:8080/swagger/" "Mozilla/5.0 (Windows NT 10.0; Win64; x64) AppleWebKit/537.36 (KHTML, like Gecko) Chrome/83.0.4103.116 Safari/537.36"
::1 - - [29/Jun/2020:18:14:19 +0000] "GET /swagger/favicon-32x32.png HTTP/1.1" 304 - "http://localhost:8080/swagger/" "Mozilla/5.0 (Windows NT 10.0; Win64; x64) AppleWebKit/537.36 (KHTML, like Gecko) Chrome/83.0.4103.116 Safari/537.36"
::1 - - [29/Jun/2020:18:14:20 +0000] "GET /swagger/favicon-32x32.png HTTP/1.1" 304 - "http://localhost:8080/swagger/" "Mozilla/5.0 (Windows NT 10.0; Win64; x64) AppleWebKit/537.36 (KHTML, like Gecko) Chrome/83.0.4103.116 Safari/537.36"
::1 - - [29/Jun/2020:18:16:02 +0000] "GET /swagger/ HTTP/1.1" 304 - "-" "Mozilla/5.0 (Windows NT 10.0; Win64; x64) AppleWebKit/537.36 (KHTML, like Gecko) Chrome/83.0.4103.116 Safari/537.36"
::1 - - [29/Jun/2020:18:16:02 +0000] "GET /swagger/swagger-ui.css HTTP/1.1" 304 - "http://localhost:8080/swagger/" "Mozilla/5.0 (Windows NT 10.0; Win64; x64) AppleWebKit/537.36 (KHTML, like Gecko) Chrome/83.0.4103.116 Safari/537.36"
::1 - - [29/Jun/2020:18:16:02 +0000] "GET /swagger/swagger-ui-bundle.js HTTP/1.1" 304 - "http://localhost:8080/swagger/" "Mozilla/5.0 (Windows NT 10.0; Win64; x64) AppleWebKit/537.36 (KHTML, like Gecko) Chrome/83.0.4103.116 Safari/537.36"
::1 - - [29/Jun/2020:18:16:02 +0000] "GET /swagger/swagger-ui-init.js HTTP/1.1" 304 - "http://localhost:8080/swagger/" "Mozilla/5.0 (Windows NT 10.0; Win64; x64) AppleWebKit/537.36 (KHTML, like Gecko) Chrome/83.0.4103.116 Safari/537.36"
::1 - - [29/Jun/2020:18:16:02 +0000] "GET /swagger/swagger-ui-standalone-preset.js HTTP/1.1" 304 - "http://localhost:8080/swagger/" "Mozilla/5.0 (Windows NT 10.0; Win64; x64) AppleWebKit/537.36 (KHTML, like Gecko) Chrome/83.0.4103.116 Safari/537.36"
::1 - - [29/Jun/2020:18:16:02 +0000] "GET /swagger/swagger-ui-init.js HTTP/1.1" 304 - "http://localhost:8080/swagger/" "Mozilla/5.0 (Windows NT 10.0; Win64; x64) AppleWebKit/537.36 (KHTML, like Gecko) Chrome/83.0.4103.116 Safari/537.36"
::1 - - [29/Jun/2020:18:16:02 +0000] "GET /swagger/swagger-ui-bundle.js HTTP/1.1" 304 - "http://localhost:8080/swagger/" "Mozilla/5.0 (Windows NT 10.0; Win64; x64) AppleWebKit/537.36 (KHTML, like Gecko) Chrome/83.0.4103.116 Safari/537.36"
::1 - - [29/Jun/2020:18:16:02 +0000] "GET /swagger/swagger-ui-standalone-preset.js HTTP/1.1" 304 - "http://localhost:8080/swagger/" "Mozilla/5.0 (Windows NT 10.0; Win64; x64) AppleWebKit/537.36 (KHTML, like Gecko) Chrome/83.0.4103.116 Safari/537.36"
::1 - - [29/Jun/2020:18:16:03 +0000] "GET /swagger/favicon-32x32.png HTTP/1.1" 304 - "http://localhost:8080/swagger/" "Mozilla/5.0 (Windows NT 10.0; Win64; x64) AppleWebKit/537.36 (KHTML, like Gecko) Chrome/83.0.4103.116 Safari/537.36"
::1 - - [29/Jun/2020:18:16:04 +0000] "GET /swagger/favicon-32x32.png HTTP/1.1" 304 - "http://localhost:8080/swagger/" "Mozilla/5.0 (Windows NT 10.0; Win64; x64) AppleWebKit/537.36 (KHTML, like Gecko) Chrome/83.0.4103.116 Safari/537.36"
::1 - - [29/Jun/2020:18:18:32 +0000] "POST /login?login=marlon%40marlon.com&senha=marlon HTTP/1.1" - - "http://localhost:8080/swagger/" "Mozilla/5.0 (Windows NT 10.0; Win64; x64) AppleWebKit/537.36 (KHTML, like Gecko) Chrome/83.0.4103.116 Safari/537.36"
::1 - - [29/Jun/2020:18:23:07 +0000] "POST /login?login=marlon%40marlon.com&senha=marlon HTTP/1.1" - - "http://localhost:8080/swagger/" "Mozilla/5.0 (Windows NT 10.0; Win64; x64) AppleWebKit/537.36 (KHTML, like Gecko) Chrome/83.0.4103.116 Safari/537.36"
::1 - - [29/Jun/2020:18:31:22 +0000] "POST /login?login=marlon%40marlon.com&senha=marlon HTTP/1.1" 422 26 "http://localhost:8080/swagger/" "Mozilla/5.0 (Windows NT 10.0; Win64; x64) AppleWebKit/537.36 (KHTML, like Gecko) Chrome/83.0.4103.116 Safari/537.36"
::1 - - [29/Jun/2020:18:37:44 +0000] "POST /login?login=marlon%40marlon.com&senha=marlon HTTP/1.1" - - "http://localhost:8080/swagger/" "Mozilla/5.0 (Windows NT 10.0; Win64; x64) AppleWebKit/537.36 (KHTML, like Gecko) Chrome/83.0.4103.116 Safari/537.36"
::1 - - [29/Jun/2020:18:40:38 +0000] "POST /login?login=marlon%40marlon.com&senha=marlon HTTP/1.1" - - "http://localhost:8080/swagger/" "Mozilla/5.0 (Windows NT 10.0; Win64; x64) AppleWebKit/537.36 (KHTML, like Gecko) Chrome/83.0.4103.116 Safari/537.36"
::1 - - [29/Jun/2020:18:42:17 +0000] "GET /swagger/favicon-32x32.png HTTP/1.1" 304 - "http://localhost:8080/swagger/" "Mozilla/5.0 (Windows NT 10.0; Win64; x64) AppleWebKit/537.36 (KHTML, like Gecko) Chrome/83.0.4103.116 Safari/537.36"
::1 - - [29/Jun/2020:18:42:18 +0000] "GET /swagger/favicon-32x32.png HTTP/1.1" 304 - "http://localhost:8080/swagger/" "Mozilla/5.0 (Windows NT 10.0; Win64; x64) AppleWebKit/537.36 (KHTML, like Gecko) Chrome/83.0.4103.116 Safari/537.36"
::1 - - [29/Jun/2020:18:42:19 +0000] "GET /swagger/favicon-32x32.png HTTP/1.1" 304 - "http://localhost:8080/swagger/" "Mozilla/5.0 (Windows NT 10.0; Win64; x64) AppleWebKit/537.36 (KHTML, like Gecko) Chrome/83.0.4103.116 Safari/537.36"
::1 - - [29/Jun/2020:18:42:22 +0000] "GET /swagger/favicon-32x32.png HTTP/1.1" 304 - "http://localhost:8080/swagger/" "Mozilla/5.0 (Windows NT 10.0; Win64; x64) AppleWebKit/537.36 (KHTML, like Gecko) Chrome/83.0.4103.116 Safari/537.36"
::1 - - [29/Jun/2020:18:47:59 +0000] "POST /login?login=marlon%40marlon.com&senha=marlon HTTP/1.1" 200 172 "http://localhost:8080/swagger/" "Mozilla/5.0 (Windows NT 10.0; Win64; x64) AppleWebKit/537.36 (KHTML, like Gecko) Chrome/83.0.4103.116 Safari/537.36"
::1 - - [29/Jun/2020:18:49:53 +0000] "GET /swagger/favicon-32x32.png HTTP/1.1" 304 - "http://localhost:8080/swagger/" "Mozilla/5.0 (Windows NT 10.0; Win64; x64) AppleWebKit/537.36 (KHTML, like Gecko) Chrome/83.0.4103.116 Safari/537.36"
::1 - - [29/Jun/2020:18:49:55 +0000] "GET /swagger/favicon-32x32.png HTTP/1.1" 304 - "http://localhost:8080/swagger/" "Mozilla/5.0 (Windows NT 10.0; Win64; x64) AppleWebKit/537.36 (KHTML, like Gecko) Chrome/83.0.4103.116 Safari/537.36"
::1 - - [29/Jun/2020:18:49:55 +0000] "GET /swagger/favicon-32x32.png HTTP/1.1" 304 - "http://localhost:8080/swagger/" "Mozilla/5.0 (Windows NT 10.0; Win64; x64) AppleWebKit/537.36 (KHTML, like Gecko) Chrome/83.0.4103.116 Safari/537.36"
::1 - - [29/Jun/2020:18:49:56 +0000] "GET /swagger/favicon-32x32.png HTTP/1.1" 304 - "http://localhost:8080/swagger/" "Mozilla/5.0 (Windows NT 10.0; Win64; x64) AppleWebKit/537.36 (KHTML, like Gecko) Chrome/83.0.4103.116 Safari/537.36"
::1 - - [29/Jun/2020:18:50:00 +0000] "GET /cliente?skip=3&limit=3 HTTP/1.1" 200 954 "http://localhost:8080/swagger/" "Mozilla/5.0 (Windows NT 10.0; Win64; x64) AppleWebKit/537.36 (KHTML, like Gecko) Chrome/83.0.4103.116 Safari/537.36"
::1 - - [29/Jun/2020:18:50:07 +0000] "GET /cliente?skip=3&limit=1 HTTP/1.1" 200 316 "http://localhost:8080/swagger/" "Mozilla/5.0 (Windows NT 10.0; Win64; x64) AppleWebKit/537.36 (KHTML, like Gecko) Chrome/83.0.4103.116 Safari/537.36"
::1 - - [29/Jun/2020:18:52:32 +0000] "GET /swagger/ HTTP/1.1" 304 - "-" "Mozilla/5.0 (Windows NT 10.0; Win64; x64) AppleWebKit/537.36 (KHTML, like Gecko) Chrome/83.0.4103.116 Safari/537.36"
::1 - - [29/Jun/2020:18:52:32 +0000] "GET /swagger/swagger-ui.css HTTP/1.1" 304 - "http://localhost:8080/swagger/" "Mozilla/5.0 (Windows NT 10.0; Win64; x64) AppleWebKit/537.36 (KHTML, like Gecko) Chrome/83.0.4103.116 Safari/537.36"
::1 - - [29/Jun/2020:18:52:32 +0000] "GET /swagger/swagger-ui-init.js HTTP/1.1" 304 - "http://localhost:8080/swagger/" "Mozilla/5.0 (Windows NT 10.0; Win64; x64) AppleWebKit/537.36 (KHTML, like Gecko) Chrome/83.0.4103.116 Safari/537.36"
::1 - - [29/Jun/2020:18:52:32 +0000] "GET /swagger/swagger-ui-bundle.js HTTP/1.1" 304 - "http://localhost:8080/swagger/" "Mozilla/5.0 (Windows NT 10.0; Win64; x64) AppleWebKit/537.36 (KHTML, like Gecko) Chrome/83.0.4103.116 Safari/537.36"
::1 - - [29/Jun/2020:18:52:32 +0000] "GET /swagger/swagger-ui-standalone-preset.js HTTP/1.1" 304 - "http://localhost:8080/swagger/" "Mozilla/5.0 (Windows NT 10.0; Win64; x64) AppleWebKit/537.36 (KHTML, like Gecko) Chrome/83.0.4103.116 Safari/537.36"
::1 - - [29/Jun/2020:18:52:32 +0000] "GET /swagger/favicon-32x32.png HTTP/1.1" 304 - "http://localhost:8080/swagger/" "Mozilla/5.0 (Windows NT 10.0; Win64; x64) AppleWebKit/537.36 (KHTML, like Gecko) Chrome/83.0.4103.116 Safari/537.36"
::1 - - [29/Jun/2020:18:52:43 +0000] "GET /swagger/ HTTP/1.1" 304 - "-" "Mozilla/5.0 (Windows NT 10.0; Win64; x64) AppleWebKit/537.36 (KHTML, like Gecko) Chrome/83.0.4103.116 Safari/537.36"
::1 - - [29/Jun/2020:18:52:43 +0000] "GET /swagger/swagger-ui.css HTTP/1.1" 304 - "http://localhost:8080/swagger/" "Mozilla/5.0 (Windows NT 10.0; Win64; x64) AppleWebKit/537.36 (KHTML, like Gecko) Chrome/83.0.4103.116 Safari/537.36"
::1 - - [29/Jun/2020:18:52:43 +0000] "GET /swagger/swagger-ui-init.js HTTP/1.1" 304 - "http://localhost:8080/swagger/" "Mozilla/5.0 (Windows NT 10.0; Win64; x64) AppleWebKit/537.36 (KHTML, like Gecko) Chrome/83.0.4103.116 Safari/537.36"
::1 - - [29/Jun/2020:18:52:43 +0000] "GET /swagger/swagger-ui-bundle.js HTTP/1.1" 304 - "http://localhost:8080/swagger/" "Mozilla/5.0 (Windows NT 10.0; Win64; x64) AppleWebKit/537.36 (KHTML, like Gecko) Chrome/83.0.4103.116 Safari/537.36"
::1 - - [29/Jun/2020:18:52:43 +0000] "GET /swagger/swagger-ui-standalone-preset.js HTTP/1.1" 304 - "http://localhost:8080/swagger/" "Mozilla/5.0 (Windows NT 10.0; Win64; x64) AppleWebKit/537.36 (KHTML, like Gecko) Chrome/83.0.4103.116 Safari/537.36"
::1 - - [29/Jun/2020:18:52:43 +0000] "GET /swagger/favicon-32x32.png HTTP/1.1" 304 - "http://localhost:8080/swagger/" "Mozilla/5.0 (Windows NT 10.0; Win64; x64) AppleWebKit/537.36 (KHTML, like Gecko) Chrome/83.0.4103.116 Safari/537.36"
::1 - - [29/Jun/2020:18:52:58 +0000] "GET /swagger/ HTTP/1.1" 304 - "-" "Mozilla/5.0 (Windows NT 10.0; Win64; x64) AppleWebKit/537.36 (KHTML, like Gecko) Chrome/83.0.4103.116 Safari/537.36"
::1 - - [29/Jun/2020:18:52:58 +0000] "GET /swagger/swagger-ui.css HTTP/1.1" 304 - "http://localhost:8080/swagger/" "Mozilla/5.0 (Windows NT 10.0; Win64; x64) AppleWebKit/537.36 (KHTML, like Gecko) Chrome/83.0.4103.116 Safari/537.36"
::1 - - [29/Jun/2020:18:52:58 +0000] "GET /swagger/swagger-ui-bundle.js HTTP/1.1" 304 - "http://localhost:8080/swagger/" "Mozilla/5.0 (Windows NT 10.0; Win64; x64) AppleWebKit/537.36 (KHTML, like Gecko) Chrome/83.0.4103.116 Safari/537.36"
::1 - - [29/Jun/2020:18:52:58 +0000] "GET /swagger/swagger-ui-init.js HTTP/1.1" 304 - "http://localhost:8080/swagger/" "Mozilla/5.0 (Windows NT 10.0; Win64; x64) AppleWebKit/537.36 (KHTML, like Gecko) Chrome/83.0.4103.116 Safari/537.36"
::1 - - [29/Jun/2020:18:52:58 +0000] "GET /swagger/swagger-ui-standalone-preset.js HTTP/1.1" 304 - "http://localhost:8080/swagger/" "Mozilla/5.0 (Windows NT 10.0; Win64; x64) AppleWebKit/537.36 (KHTML, like Gecko) Chrome/83.0.4103.116 Safari/537.36"
::1 - - [29/Jun/2020:18:52:58 +0000] "GET /swagger/favicon-32x32.png HTTP/1.1" 304 - "http://localhost:8080/swagger/" "Mozilla/5.0 (Windows NT 10.0; Win64; x64) AppleWebKit/537.36 (KHTML, like Gecko) Chrome/83.0.4103.116 Safari/537.36"
::1 - - [29/Jun/2020:18:55:59 +0000] "GET /swagger/favicon-32x32.png HTTP/1.1" 304 - "http://localhost:8080/swagger/" "Mozilla/5.0 (Windows NT 10.0; Win64; x64) AppleWebKit/537.36 (KHTML, like Gecko) Chrome/83.0.4103.116 Safari/537.36"
::1 - - [29/Jun/2020:18:56:01 +0000] "GET /swagger/ HTTP/1.1" 304 - "-" "Mozilla/5.0 (Windows NT 10.0; Win64; x64) AppleWebKit/537.36 (KHTML, like Gecko) Chrome/83.0.4103.116 Safari/537.36"
::1 - - [29/Jun/2020:18:56:01 +0000] "GET /swagger/swagger-ui.css HTTP/1.1" 304 - "http://localhost:8080/swagger/" "Mozilla/5.0 (Windows NT 10.0; Win64; x64) AppleWebKit/537.36 (KHTML, like Gecko) Chrome/83.0.4103.116 Safari/537.36"
::1 - - [29/Jun/2020:18:56:01 +0000] "GET /swagger/swagger-ui-bundle.js HTTP/1.1" 304 - "http://localhost:8080/swagger/" "Mozilla/5.0 (Windows NT 10.0; Win64; x64) AppleWebKit/537.36 (KHTML, like Gecko) Chrome/83.0.4103.116 Safari/537.36"
::1 - - [29/Jun/2020:18:56:01 +0000] "GET /swagger/swagger-ui-standalone-preset.js HTTP/1.1" 304 - "http://localhost:8080/swagger/" "Mozilla/5.0 (Windows NT 10.0; Win64; x64) AppleWebKit/537.36 (KHTML, like Gecko) Chrome/83.0.4103.116 Safari/537.36"
::1 - - [29/Jun/2020:18:56:01 +0000] "GET /swagger/swagger-ui-init.js HTTP/1.1" 304 - "http://localhost:8080/swagger/" "Mozilla/5.0 (Windows NT 10.0; Win64; x64) AppleWebKit/537.36 (KHTML, like Gecko) Chrome/83.0.4103.116 Safari/537.36"
::1 - - [29/Jun/2020:18:56:01 +0000] "GET /swagger/favicon-32x32.png HTTP/1.1" 304 - "http://localhost:8080/swagger/" "Mozilla/5.0 (Windows NT 10.0; Win64; x64) AppleWebKit/537.36 (KHTML, like Gecko) Chrome/83.0.4103.116 Safari/537.36"
::1 - - [29/Jun/2020:18:56:03 +0000] "GET /swagge HTTP/1.1" 403 74 "-" "Mozilla/5.0 (Windows NT 10.0; Win64; x64) AppleWebKit/537.36 (KHTML, like Gecko) Chrome/83.0.4103.116 Safari/537.36"
::1 - - [29/Jun/2020:18:56:07 +0000] "GET /swagger/ HTTP/1.1" 304 - "-" "Mozilla/5.0 (Windows NT 10.0; Win64; x64) AppleWebKit/537.36 (KHTML, like Gecko) Chrome/83.0.4103.116 Safari/537.36"
::1 - - [29/Jun/2020:18:56:07 +0000] "GET /swagger/swagger-ui.css HTTP/1.1" 304 - "http://localhost:8080/swagger/" "Mozilla/5.0 (Windows NT 10.0; Win64; x64) AppleWebKit/537.36 (KHTML, like Gecko) Chrome/83.0.4103.116 Safari/537.36"
::1 - - [29/Jun/2020:18:56:07 +0000] "GET /swagger/swagger-ui-bundle.js HTTP/1.1" 304 - "http://localhost:8080/swagger/" "Mozilla/5.0 (Windows NT 10.0; Win64; x64) AppleWebKit/537.36 (KHTML, like Gecko) Chrome/83.0.4103.116 Safari/537.36"
::1 - - [29/Jun/2020:18:56:07 +0000] "GET /swagger/swagger-ui-standalone-preset.js HTTP/1.1" 304 - "http://localhost:8080/swagger/" "Mozilla/5.0 (Windows NT 10.0; Win64; x64) AppleWebKit/537.36 (KHTML, like Gecko) Chrome/83.0.4103.116 Safari/537.36"
::1 - - [29/Jun/2020:18:56:07 +0000] "GET /swagger/swagger-ui-init.js HTTP/1.1" 304 - "http://localhost:8080/swagger/" "Mozilla/5.0 (Windows NT 10.0; Win64; x64) AppleWebKit/537.36 (KHTML, like Gecko) Chrome/83.0.4103.116 Safari/537.36"
::1 - - [29/Jun/2020:18:56:08 +0000] "GET /swagger/swagger-ui.css HTTP/1.1" 304 - "http://localhost:8080/swagger/" "Mozilla/5.0 (Windows NT 10.0; Win64; x64) AppleWebKit/537.36 (KHTML, like Gecko) Chrome/83.0.4103.116 Safari/537.36"
::1 - - [29/Jun/2020:18:56:08 +0000] "GET /swagger/swagger-ui-bundle.js HTTP/1.1" 304 - "http://localhost:8080/swagger/" "Mozilla/5.0 (Windows NT 10.0; Win64; x64) AppleWebKit/537.36 (KHTML, like Gecko) Chrome/83.0.4103.116 Safari/537.36"
::1 - - [29/Jun/2020:18:56:08 +0000] "GET /swagger/swagger-ui-standalone-preset.js HTTP/1.1" 304 - "http://localhost:8080/swagger/" "Mozilla/5.0 (Windows NT 10.0; Win64; x64) AppleWebKit/537.36 (KHTML, like Gecko) Chrome/83.0.4103.116 Safari/537.36"
::1 - - [29/Jun/2020:18:56:08 +0000] "GET /swagger/swagger-ui-init.js HTTP/1.1" 304 - "http://localhost:8080/swagger/" "Mozilla/5.0 (Windows NT 10.0; Win64; x64) AppleWebKit/537.36 (KHTML, like Gecko) Chrome/83.0.4103.116 Safari/537.36"
::1 - - [29/Jun/2020:18:56:08 +0000] "GET /swagger/favicon-32x32.png HTTP/1.1" 304 - "http://localhost:8080/swagger/" "Mozilla/5.0 (Windows NT 10.0; Win64; x64) AppleWebKit/537.36 (KHTML, like Gecko) Chrome/83.0.4103.116 Safari/537.36"
::1 - - [29/Jun/2020:18:56:09 +0000] "GET /swagger/favicon-32x32.png HTTP/1.1" 304 - "http://localhost:8080/swagger/" "Mozilla/5.0 (Windows NT 10.0; Win64; x64) AppleWebKit/537.36 (KHTML, like Gecko) Chrome/83.0.4103.116 Safari/537.36"
::1 - - [29/Jun/2020:18:56:19 +0000] "POST /login?login=marlon%40marlon.com&senha=marlon HTTP/1.1" 200 172 "http://localhost:8080/swagger/" "Mozilla/5.0 (Windows NT 10.0; Win64; x64) AppleWebKit/537.36 (KHTML, like Gecko) Chrome/83.0.4103.116 Safari/537.36"
::1 - - [29/Jun/2020:18:56:24 +0000] "GET /swagger/favicon-32x32.png HTTP/1.1" 304 - "http://localhost:8080/swagger/" "Mozilla/5.0 (Windows NT 10.0; Win64; x64) AppleWebKit/537.36 (KHTML, like Gecko) Chrome/83.0.4103.116 Safari/537.36"
::1 - - [29/Jun/2020:18:56:26 +0000] "GET /swagger/favicon-32x32.png HTTP/1.1" 304 - "http://localhost:8080/swagger/" "Mozilla/5.0 (Windows NT 10.0; Win64; x64) AppleWebKit/537.36 (KHTML, like Gecko) Chrome/83.0.4103.116 Safari/537.36"
::1 - - [29/Jun/2020:18:56:31 +0000] "GET /cliente?skip=2&limit=2 HTTP/1.1" 200 632 "http://localhost:8080/swagger/" "Mozilla/5.0 (Windows NT 10.0; Win64; x64) AppleWebKit/537.36 (KHTML, like Gecko) Chrome/83.0.4103.116 Safari/537.36"
::1 - - [29/Jun/2020:18:56:45 +0000] "GET /swagger/favicon-32x32.png HTTP/1.1" 304 - "http://localhost:8080/swagger/" "Mozilla/5.0 (Windows NT 10.0; Win64; x64) AppleWebKit/537.36 (KHTML, like Gecko) Chrome/83.0.4103.116 Safari/537.36"
::1 - - [29/Jun/2020:18:56:47 +0000] "GET /swagger/favicon-32x32.png HTTP/1.1" 304 - "http://localhost:8080/swagger/" "Mozilla/5.0 (Windows NT 10.0; Win64; x64) AppleWebKit/537.36 (KHTML, like Gecko) Chrome/83.0.4103.116 Safari/537.36"
::1 - - [29/Jun/2020:18:57:02 +0000] "POST /registro HTTP/1.1" 200 39 "http://localhost:8080/swagger/" "Mozilla/5.0 (Windows NT 10.0; Win64; x64) AppleWebKit/537.36 (KHTML, like Gecko) Chrome/83.0.4103.116 Safari/537.36"
::1 - - [29/Jun/2020:19:02:34 +0000] "GET /swagger/ HTTP/1.1" 304 - "-" "Mozilla/5.0 (Windows NT 10.0; Win64; x64) AppleWebKit/537.36 (KHTML, like Gecko) Chrome/83.0.4103.116 Safari/537.36"
::1 - - [29/Jun/2020:19:02:34 +0000] "GET /swagger/swagger-ui.css HTTP/1.1" 304 - "http://localhost:8080/swagger/" "Mozilla/5.0 (Windows NT 10.0; Win64; x64) AppleWebKit/537.36 (KHTML, like Gecko) Chrome/83.0.4103.116 Safari/537.36"
::1 - - [29/Jun/2020:19:02:34 +0000] "GET /swagger/swagger-ui-bundle.js HTTP/1.1" 304 - "http://localhost:8080/swagger/" "Mozilla/5.0 (Windows NT 10.0; Win64; x64) AppleWebKit/537.36 (KHTML, like Gecko) Chrome/83.0.4103.116 Safari/537.36"
::1 - - [29/Jun/2020:19:02:34 +0000] "GET /swagger/swagger-ui-init.js HTTP/1.1" 304 - "http://localhost:8080/swagger/" "Mozilla/5.0 (Windows NT 10.0; Win64; x64) AppleWebKit/537.36 (KHTML, like Gecko) Chrome/83.0.4103.116 Safari/537.36"
::1 - - [29/Jun/2020:19:02:34 +0000] "GET /swagger/swagger-ui-standalone-preset.js HTTP/1.1" 304 - "http://localhost:8080/swagger/" "Mozilla/5.0 (Windows NT 10.0; Win64; x64) AppleWebKit/537.36 (KHTML, like Gecko) Chrome/83.0.4103.116 Safari/537.36"
::1 - - [29/Jun/2020:19:02:34 +0000] "GET /swagger/swagger-ui.css HTTP/1.1" 304 - "http://localhost:8080/swagger/" "Mozilla/5.0 (Windows NT 10.0; Win64; x64) AppleWebKit/537.36 (KHTML, like Gecko) Chrome/83.0.4103.116 Safari/537.36"
::1 - - [29/Jun/2020:19:02:34 +0000] "GET /swagger/swagger-ui-bundle.js HTTP/1.1" 304 - "http://localhost:8080/swagger/" "Mozilla/5.0 (Windows NT 10.0; Win64; x64) AppleWebKit/537.36 (KHTML, like Gecko) Chrome/83.0.4103.116 Safari/537.36"
::1 - - [29/Jun/2020:19:02:34 +0000] "GET /swagger/swagger-ui-init.js HTTP/1.1" 304 - "http://localhost:8080/swagger/" "Mozilla/5.0 (Windows NT 10.0; Win64; x64) AppleWebKit/537.36 (KHTML, like Gecko) Chrome/83.0.4103.116 Safari/537.36"
::1 - - [29/Jun/2020:19:02:34 +0000] "GET /swagger/swagger-ui-standalone-preset.js HTTP/1.1" 304 - "http://localhost:8080/swagger/" "Mozilla/5.0 (Windows NT 10.0; Win64; x64) AppleWebKit/537.36 (KHTML, like Gecko) Chrome/83.0.4103.116 Safari/537.36"
::1 - - [29/Jun/2020:19:02:34 +0000] "GET /swagger/favicon-32x32.png HTTP/1.1" 304 - "http://localhost:8080/swagger/" "Mozilla/5.0 (Windows NT 10.0; Win64; x64) AppleWebKit/537.36 (KHTML, like Gecko) Chrome/83.0.4103.116 Safari/537.36"
::1 - - [29/Jun/2020:19:02:37 +0000] "GET /asas/ HTTP/1.1" 403 74 "-" "Mozilla/5.0 (Windows NT 10.0; Win64; x64) AppleWebKit/537.36 (KHTML, like Gecko) Chrome/83.0.4103.116 Safari/537.36"
::1 - - [29/Jun/2020:19:02:41 +0000] "GET /swagger/ HTTP/1.1" 304 - "-" "Mozilla/5.0 (Windows NT 10.0; Win64; x64) AppleWebKit/537.36 (KHTML, like Gecko) Chrome/83.0.4103.116 Safari/537.36"
::1 - - [29/Jun/2020:19:02:41 +0000] "GET /swagger/swagger-ui.css HTTP/1.1" 304 - "http://localhost:8080/swagger/" "Mozilla/5.0 (Windows NT 10.0; Win64; x64) AppleWebKit/537.36 (KHTML, like Gecko) Chrome/83.0.4103.116 Safari/537.36"
::1 - - [29/Jun/2020:19:02:41 +0000] "GET /swagger/swagger-ui-bundle.js HTTP/1.1" 304 - "http://localhost:8080/swagger/" "Mozilla/5.0 (Windows NT 10.0; Win64; x64) AppleWebKit/537.36 (KHTML, like Gecko) Chrome/83.0.4103.116 Safari/537.36"
::1 - - [29/Jun/2020:19:02:41 +0000] "GET /swagger/swagger-ui-init.js HTTP/1.1" 304 - "http://localhost:8080/swagger/" "Mozilla/5.0 (Windows NT 10.0; Win64; x64) AppleWebKit/537.36 (KHTML, like Gecko) Chrome/83.0.4103.116 Safari/537.36"
::1 - - [29/Jun/2020:19:02:41 +0000] "GET /swagger/swagger-ui-standalone-preset.js HTTP/1.1" 304 - "http://localhost:8080/swagger/" "Mozilla/5.0 (Windows NT 10.0; Win64; x64) AppleWebKit/537.36 (KHTML, like Gecko) Chrome/83.0.4103.116 Safari/537.36"
::1 - - [29/Jun/2020:19:02:41 +0000] "GET /swagger/swagger-ui.css HTTP/1.1" 304 - "http://localhost:8080/swagger/" "Mozilla/5.0 (Windows NT 10.0; Win64; x64) AppleWebKit/537.36 (KHTML, like Gecko) Chrome/83.0.4103.116 Safari/537.36"
::1 - - [29/Jun/2020:19:02:41 +0000] "GET /swagger/swagger-ui-bundle.js HTTP/1.1" 304 - "http://localhost:8080/swagger/" "Mozilla/5.0 (Windows NT 10.0; Win64; x64) AppleWebKit/537.36 (KHTML, like Gecko) Chrome/83.0.4103.116 Safari/537.36"
::1 - - [29/Jun/2020:19:02:41 +0000] "GET /swagger/swagger-ui-standalone-preset.js HTTP/1.1" 304 - "http://localhost:8080/swagger/" "Mozilla/5.0 (Windows NT 10.0; Win64; x64) AppleWebKit/537.36 (KHTML, like Gecko) Chrome/83.0.4103.116 Safari/537.36"
::1 - - [29/Jun/2020:19:02:41 +0000] "GET /swagger/swagger-ui-init.js HTTP/1.1" 304 - "http://localhost:8080/swagger/" "Mozilla/5.0 (Windows NT 10.0; Win64; x64) AppleWebKit/537.36 (KHTML, like Gecko) Chrome/83.0.4103.116 Safari/537.36"
::1 - - [29/Jun/2020:19:02:42 +0000] "GET /swagger/favicon-32x32.png HTTP/1.1" 304 - "http://localhost:8080/swagger/" "Mozilla/5.0 (Windows NT 10.0; Win64; x64) AppleWebKit/537.36 (KHTML, like Gecko) Chrome/83.0.4103.116 Safari/537.36"
::1 - - [29/Jun/2020:19:02:43 +0000] "GET /swagger/favicon-32x32.png HTTP/1.1" 304 - "http://localhost:8080/swagger/" "Mozilla/5.0 (Windows NT 10.0; Win64; x64) AppleWebKit/537.36 (KHTML, like Gecko) Chrome/83.0.4103.116 Safari/537.36"
::1 - - [29/Jun/2020:19:02:53 +0000] "POST /login?login=nono%40nono.com&senha=nono HTTP/1.1" 200 175 "http://localhost:8080/swagger/" "Mozilla/5.0 (Windows NT 10.0; Win64; x64) AppleWebKit/537.36 (KHTML, like Gecko) Chrome/83.0.4103.116 Safari/537.36"
::1 - - [29/Jun/2020:19:02:59 +0000] "GET /swagger/favicon-32x32.png HTTP/1.1" 304 - "http://localhost:8080/swagger/" "Mozilla/5.0 (Windows NT 10.0; Win64; x64) AppleWebKit/537.36 (KHTML, like Gecko) Chrome/83.0.4103.116 Safari/537.36"
::1 - - [29/Jun/2020:19:03:00 +0000] "GET /swagger/favicon-32x32.png HTTP/1.1" 304 - "http://localhost:8080/swagger/" "Mozilla/5.0 (Windows NT 10.0; Win64; x64) AppleWebKit/537.36 (KHTML, like Gecko) Chrome/83.0.4103.116 Safari/537.36"
::1 - - [29/Jun/2020:19:03:05 +0000] "GET /cliente?skip=3&limit=3 HTTP/1.1" 403 74 "http://localhost:8080/swagger/" "Mozilla/5.0 (Windows NT 10.0; Win64; x64) AppleWebKit/537.36 (KHTML, like Gecko) Chrome/83.0.4103.116 Safari/537.36"
::1 - - [29/Jun/2020:19:03:10 +0000] "GET /swagger/favicon-32x32.png HTTP/1.1" 304 - "http://localhost:8080/swagger/" "Mozilla/5.0 (Windows NT 10.0; Win64; x64) AppleWebKit/537.36 (KHTML, like Gecko) Chrome/83.0.4103.116 Safari/537.36"
::1 - - [29/Jun/2020:19:03:13 +0000] "GET /swagger/favicon-32x32.png HTTP/1.1" 304 - "http://localhost:8080/swagger/" "Mozilla/5.0 (Windows NT 10.0; Win64; x64) AppleWebKit/537.36 (KHTML, like Gecko) Chrome/83.0.4103.116 Safari/537.36"
::1 - - [29/Jun/2020:19:03:21 +0000] "GET /cliente/2 HTTP/1.1" 403 74 "http://localhost:8080/swagger/" "Mozilla/5.0 (Windows NT 10.0; Win64; x64) AppleWebKit/537.36 (KHTML, like Gecko) Chrome/83.0.4103.116 Safari/537.36"
::1 - - [29/Jun/2020:19:03:25 +0000] "GET /swagger/favicon-32x32.png HTTP/1.1" 304 - "http://localhost:8080/swagger/" "Mozilla/5.0 (Windows NT 10.0; Win64; x64) AppleWebKit/537.36 (KHTML, like Gecko) Chrome/83.0.4103.116 Safari/537.36"
::1 - - [29/Jun/2020:19:03:34 +0000] "GET /swagger/favicon-32x32.png HTTP/1.1" 304 - "http://localhost:8080/swagger/" "Mozilla/5.0 (Windows NT 10.0; Win64; x64) AppleWebKit/537.36 (KHTML, like Gecko) Chrome/83.0.4103.116 Safari/537.36"
::1 - - [29/Jun/2020:19:03:44 +0000] "POST /login?login=marlon%40marlon.com&senha=marlon HTTP/1.1" 200 172 "http://localhost:8080/swagger/" "Mozilla/5.0 (Windows NT 10.0; Win64; x64) AppleWebKit/537.36 (KHTML, like Gecko) Chrome/83.0.4103.116 Safari/537.36"
::1 - - [29/Jun/2020:19:03:50 +0000] "GET /swagger/favicon-32x32.png HTTP/1.1" 304 - "http://localhost:8080/swagger/" "Mozilla/5.0 (Windows NT 10.0; Win64; x64) AppleWebKit/537.36 (KHTML, like Gecko) Chrome/83.0.4103.116 Safari/537.36"
::1 - - [29/Jun/2020:19:03:51 +0000] "GET /swagger/favicon-32x32.png HTTP/1.1" 304 - "http://localhost:8080/swagger/" "Mozilla/5.0 (Windows NT 10.0; Win64; x64) AppleWebKit/537.36 (KHTML, like Gecko) Chrome/83.0.4103.116 Safari/537.36"
::1 - - [29/Jun/2020:19:03:59 +0000] "GET /cliente?skip=3&limit=3 HTTP/1.1" 403 74 "http://localhost:8080/swagger/" "Mozilla/5.0 (Windows NT 10.0; Win64; x64) AppleWebKit/537.36 (KHTML, like Gecko) Chrome/83.0.4103.116 Safari/537.36"
